#
# There is insufficient memory for the Java Runtime Environment to continue.
# Native memory allocation (malloc) failed to allocate 936816 bytes. Error detail: Chunk::new
# Possible reasons:
#   The system is out of physical RAM or swap space
#   This process is running with CompressedOops enabled, and the Java Heap may be blocking the growth of the native heap
# Possible solutions:
#   Reduce memory load on the system
#   Increase physical memory or swap space
#   Check if swap backing store is full
#   Decrease Java heap size (-Xmx/-Xms)
#   Decrease number of Java threads
#   Decrease Java thread stack sizes (-Xss)
#   Set larger code cache with -XX:ReservedCodeCacheSize=
#   JVM is running with Unscaled Compressed Oops mode in which the Java heap is
#     placed in the first 4GB address space. The Java Heap base address is the
#     maximum limit for the native heap growth. Please use -XX:HeapBaseMinAddress
#     to set the Java Heap base and to place the Java Heap above 4GB virtual address.
# This output file may be truncated or incomplete.
#
#  Out of Memory Error (arena.cpp:168), pid=25016, tid=2300
#
# JRE version: OpenJDK Runtime Environment Temurin-21.0.11+10 (21.0.11+10) (build 21.0.11+10-LTS)
# Java VM: OpenJDK 64-Bit Server VM Temurin-21.0.11+10 (21.0.11+10-LTS, mixed mode, sharing, tiered, compressed oops, compressed class ptrs, parallel gc, windows-amd64)
# No core dump will be written. Minidumps are not enabled by default on client versions of Windows
#

---------------  S U M M A R Y ------------

Command Line: --add-modules=ALL-SYSTEM --add-opens=java.base/java.util=ALL-UNNAMED --add-opens=java.base/java.lang=ALL-UNNAMED --add-opens=java.base/sun.nio.fs=ALL-UNNAMED -Declipse.application=org.eclipse.jdt.ls.core.id1 -Dosgi.bundles.defaultStartLevel=4 -Declipse.product=org.eclipse.jdt.ls.core.product -Djava.import.generatesMetadataFilesAtProjectRoot=false -DDetectVMInstallationsJob.disabled=true -Dfile.encoding=utf8 -XX:+UseParallelGC -XX:GCTimeRatio=4 -XX:AdaptiveSizePolicyWeight=90 -Dsun.zip.disableMemoryMapping=true -Xmx2G -Xms100m -Xlog:disable -javaagent:c:\Users\aluno\.vscode\extensions\redhat.java-1.55.0-win32-x64\lombok\lombok-1.18.39-4050.jar -XX:+HeapDumpOnOutOfMemoryError -XX:HeapDumpPath=c:\Users\aluno\AppData\Roaming\Code\User\workspaceStorage\fc24d2cbf6b37a535bb6fbcc3e2eee63\redhat.java -Daether.dependencyCollector.impl=bf c:\Users\aluno\.vscode\extensions\redhat.java-1.55.0-win32-x64\server\plugins\org.eclipse.equinox.launcher_1.7.200.v20260619-2039.jar -configuration c:\Users\aluno\AppData\Roaming\Code\User\globalStorage\redhat.java\1.55.0\config_win -data c:\Users\aluno\AppData\Roaming\Code\User\workspaceStorage\fc24d2cbf6b37a535bb6fbcc3e2eee63\redhat.java\jdt_ws --pipe=\\.\pipe\lsp-f3821e8ec4756736019d519cf10c688c-sock

Host: 13th Gen Intel(R) Core(TM) i5-13500, 20 cores, 15G,  Windows 10 , 64 bit Build 19041 (10.0.19041.5915)
Time: Wed Jul  8 16:20:41 2026 Hora oficial do Brasil elapsed time: 9.433616 seconds (0d 0h 0m 9s)

---------------  T H R E A D  ---------------

Current thread (0x000002c5d54e1e90):  JavaThread "C2 CompilerThread4" daemon [_thread_in_native, id=2300, stack(0x000000de6e700000,0x000000de6e800000) (1024K)]


Current CompileTask:
C2:9433 10507 % !   4       org.eclipse.jdt.internal.core.JarPackageFragmentRoot::computeChildren @ 139 (523 bytes)

Stack: [0x000000de6e700000,0x000000de6e800000]
Native frames: (J=compiled Java code, j=interpreted, Vv=VM code, C=native code)
V  [jvm.dll+0x6d7e19]
V  [jvm.dll+0x8b5096]
V  [jvm.dll+0x8b764e]
V  [jvm.dll+0x8b7d33]
V  [jvm.dll+0x284596]
V  [jvm.dll+0xc685d]
V  [jvm.dll+0xc6da1]
V  [jvm.dll+0x3bed31]
V  [jvm.dll+0x38b2b2]
V  [jvm.dll+0x38a6fa]
V  [jvm.dll+0x24c700]
V  [jvm.dll+0x24bce0]
V  [jvm.dll+0x1cb4ae]
V  [jvm.dll+0x25baad]
V  [jvm.dll+0x25a03a]
V  [jvm.dll+0x3f868e]
V  [jvm.dll+0x85fb0d]
V  [jvm.dll+0x6d664d]
C  [ucrtbase.dll+0x21bb2]
C  [KERNEL32.DLL+0x17374]
C  [ntdll.dll+0x4cc91]


---------------  P R O C E S S  ---------------

Threads class SMR info:
_java_thread_list=0x000002c5fe242950, length=118, elements={
0x000002c5f1ff8080, 0x000002c5f9aa8e90, 0x000002c5f9aaa610, 0x000002c5f9aad520,
0x000002c5f9aae440, 0x000002c5fb0963f0, 0x000002c5fb0baf90, 0x000002c5fb0c2380,
0x000002c5fb0d2f60, 0x000002c5fb3532e0, 0x000002c5fce49400, 0x000002c5fd89f180,
0x000002c5fd865310, 0x000002c5fd86f820, 0x000002c5fd870260, 0x000002c5fe0557e0,
0x000002c5fb268ca0, 0x000002c5efbe8e20, 0x000002c5efbe9b40, 0x000002c5efbea860,
0x000002c5efbeaef0, 0x000002c5fe2b8140, 0x000002c5fe2b3910, 0x000002c5fe2b59e0,
0x000002c5fe2b87d0, 0x000002c5fe2b2560, 0x000002c5fe2b3fa0, 0x000002c5fe2b2bf0,
0x000002c5fe2b8e60, 0x000002c5fe2b1ed0, 0x000002c5fe2b6070, 0x000002c5fe2b4630,
0x000002c5fe2b5350, 0x000002c5fe2b6d90, 0x000002c5fe2b94f0, 0x000002c5fe2b4cc0,
0x000002c5fe2b6700, 0x000002c5fe2b7420, 0x000002c5fe2b7ab0, 0x000002c5fdf2a3e0,
0x000002c5fdf289a0, 0x000002c5fdf25bb0, 0x000002c5fdf268d0, 0x000002c5fdf28310,
0x000002c5fdf29030, 0x000002c5fdf26f60, 0x000002c5fdf29d50, 0x000002c5fdf275f0,
0x000002c5fdf27c80, 0x000002c5fdf296c0, 0x000002c5fdf2aa70, 0x000002c5fdf2b100,
0x000002c5fdf24170, 0x000002c5fdf2b790, 0x000002c5fdf24800, 0x000002c5fdf24e90,
0x000002c5fdf25520, 0x000002c5fdf26240, 0x000002c5d4cab9b0, 0x000002c5d4ca8bc0,
0x000002c5d4cae110, 0x000002c5d4cac6d0, 0x000002c5d4cab320, 0x000002c5d4caa600,
0x000002c5d4ca7ea0, 0x000002c5d4cae7a0, 0x000002c5d4cacd60, 0x000002c5d5d7bd50,
0x000002c5d4caac90, 0x000002c5d4cada80, 0x000002c5d4ca98e0, 0x000002c5d43a6cd0,
0x000002c5d43a5fb0, 0x000002c5d43ac220, 0x000002c5d4727f80, 0x000002c5d4726b10,
0x000002c5d4728650, 0x000002c5d47271e0, 0x000002c5d47278b0, 0x000002c5d54e1e90,
0x000002c5d54dda70, 0x000002c5d54dbf30, 0x000002c5d54dc600, 0x000002c5d43ac8b0,
0x000002c5d43ab500, 0x000002c5d43acf40, 0x000002c5d43aae70, 0x000002c5d43a9ac0,
0x000002c5d43abb90, 0x000002c5d43ad5d0, 0x000002c5d43aa150, 0x000002c5d43a7360,
0x000002c5d43aa7e0, 0x000002c5d7ca2d90, 0x000002c5d7c9f910, 0x000002c5d7ca4140,
0x000002c5d7ca0630, 0x000002c5d7ca3420, 0x000002c5d7c9ffa0, 0x000002c5d7ca19e0,
0x000002c5d7ca0cc0, 0x000002c5d7ca1350, 0x000002c5d7ca2700, 0x000002c5d7ca2070,
0x000002c5d7ca3ab0, 0x000002c5d7ca47d0, 0x000002c5d7ca4e60, 0x000002c5d7ca54f0,
0x000002c5d7c9e560, 0x000002c5d7c9f280, 0x000002c5d7ca5b80, 0x000002c5d7c9ebf0,
0x000002c5db75d090, 0x000002c5db75b650, 0x000002c5db75e440, 0x000002c5db75ead0,
0x000002c5db75ca00, 0x000002c5db75bce0
}

Java Threads: ( => current thread )
  0x000002c5f1ff8080 JavaThread "main"                              [_thread_blocked, id=10016, stack(0x000000de68500000,0x000000de68600000) (1024K)]
  0x000002c5f9aa8e90 JavaThread "Reference Handler"          daemon [_thread_blocked, id=9208, stack(0x000000de68900000,0x000000de68a00000) (1024K)]
  0x000002c5f9aaa610 JavaThread "Finalizer"                  daemon [_thread_blocked, id=21236, stack(0x000000de68a00000,0x000000de68b00000) (1024K)]
  0x000002c5f9aad520 JavaThread "Signal Dispatcher"          daemon [_thread_blocked, id=24392, stack(0x000000de68b00000,0x000000de68c00000) (1024K)]
  0x000002c5f9aae440 JavaThread "Attach Listener"            daemon [_thread_blocked, id=20644, stack(0x000000de68c00000,0x000000de68d00000) (1024K)]
  0x000002c5fb0963f0 JavaThread "Service Thread"             daemon [_thread_blocked, id=23628, stack(0x000000de68d00000,0x000000de68e00000) (1024K)]
  0x000002c5fb0baf90 JavaThread "Monitor Deflation Thread"   daemon [_thread_blocked, id=7044, stack(0x000000de68e00000,0x000000de68f00000) (1024K)]
  0x000002c5fb0c2380 JavaThread "C2 CompilerThread0"         daemon [_thread_blocked, id=18252, stack(0x000000de68f00000,0x000000de69000000) (1024K)]
  0x000002c5fb0d2f60 JavaThread "C1 CompilerThread0"         daemon [_thread_blocked, id=12580, stack(0x000000de69000000,0x000000de69100000) (1024K)]
  0x000002c5fb3532e0 JavaThread "Common-Cleaner"             daemon [_thread_blocked, id=14392, stack(0x000000de69300000,0x000000de69400000) (1024K)]
  0x000002c5fce49400 JavaThread "Notification Thread"        daemon [_thread_blocked, id=10472, stack(0x000000de69600000,0x000000de69700000) (1024K)]
  0x000002c5fd89f180 JavaThread "Active Thread: Equinox Container: af09880f-0f91-433d-bcee-3331912bce42"        [_thread_blocked, id=19872, stack(0x000000de6a000000,0x000000de6a100000) (1024K)]
  0x000002c5fd865310 JavaThread "Refresh Thread: Equinox Container: af09880f-0f91-433d-bcee-3331912bce42" daemon [_thread_blocked, id=17504, stack(0x000000de6a200000,0x000000de6a300000) (1024K)]
  0x000002c5fd86f820 JavaThread "Framework Event Dispatcher: Equinox Container: af09880f-0f91-433d-bcee-3331912bce42" daemon [_thread_blocked, id=20088, stack(0x000000de6a300000,0x000000de6a400000) (1024K)]
  0x000002c5fd870260 JavaThread "Start Level: Equinox Container: af09880f-0f91-433d-bcee-3331912bce42" daemon [_thread_blocked, id=5044, stack(0x000000de6a400000,0x000000de6a500000) (1024K)]
  0x000002c5fe0557e0 JavaThread "Bundle File Closer"         daemon [_thread_blocked, id=25500, stack(0x000000de6a800000,0x000000de6a900000) (1024K)]
  0x000002c5fb268ca0 JavaThread "SCR Component Actor"        daemon [_thread_blocked, id=20040, stack(0x000000de69200000,0x000000de69300000) (1024K)]
  0x000002c5efbe8e20 JavaThread "Worker-JM"                         [_thread_blocked, id=27136, stack(0x000000de6a900000,0x000000de6aa00000) (1024K)]
  0x000002c5efbe9b40 JavaThread "JNA Cleaner"                daemon [_thread_blocked, id=2440, stack(0x000000de6ac00000,0x000000de6ad00000) (1024K)]
  0x000002c5efbea860 JavaThread "Worker-0: Building"                [_thread_in_native, id=6140, stack(0x000000de6ad00000,0x000000de6ae00000) (1024K)]
  0x000002c5efbeaef0 JavaThread "Worker-1: Initialize workspace"        [_thread_in_native, id=20680, stack(0x000000de6ae00000,0x000000de6af00000) (1024K)]
  0x000002c5fe2b8140 JavaThread "Java indexing"              daemon [_thread_blocked, id=9244, stack(0x000000de6b200000,0x000000de6b300000) (1024K)]
  0x000002c5fe2b3910 JavaThread "Worker-2"                          [_thread_blocked, id=22452, stack(0x000000de6b500000,0x000000de6b600000) (1024K)]
  0x000002c5fe2b59e0 JavaThread "Worker-3: Initialize Workspace"        [_thread_blocked, id=17028, stack(0x000000de6b600000,0x000000de6b700000) (1024K)]
  0x000002c5fe2b87d0 JavaThread "Thread-1"                   daemon [_thread_in_native, id=3308, stack(0x000000de6b700000,0x000000de6b800000) (1024K)]
  0x000002c5fe2b2560 JavaThread "Thread-2"                   daemon [_thread_in_native, id=7784, stack(0x000000de6b800000,0x000000de6b900000) (1024K)]
  0x000002c5fe2b3fa0 JavaThread "Thread-3"                   daemon [_thread_in_native, id=9460, stack(0x000000de6b900000,0x000000de6ba00000) (1024K)]
  0x000002c5fe2b2bf0 JavaThread "Thread-4"                   daemon [_thread_in_native, id=18856, stack(0x000000de6ba00000,0x000000de6bb00000) (1024K)]
  0x000002c5fe2b8e60 JavaThread "Thread-5"                   daemon [_thread_in_native, id=15756, stack(0x000000de6bb00000,0x000000de6bc00000) (1024K)]
  0x000002c5fe2b1ed0 JavaThread "Thread-6"                   daemon [_thread_in_native, id=17040, stack(0x000000de6bc00000,0x000000de6bd00000) (1024K)]
  0x000002c5fe2b6070 JavaThread "Thread-7"                   daemon [_thread_in_native, id=26356, stack(0x000000de6bd00000,0x000000de6be00000) (1024K)]
  0x000002c5fe2b4630 JavaThread "Thread-8"                   daemon [_thread_in_native, id=20712, stack(0x000000de6be00000,0x000000de6bf00000) (1024K)]
  0x000002c5fe2b5350 JavaThread "Thread-9"                   daemon [_thread_in_native, id=14700, stack(0x000000de6bf00000,0x000000de6c000000) (1024K)]
  0x000002c5fe2b6d90 JavaThread "Thread-10"                  daemon [_thread_in_native, id=10992, stack(0x000000de6c000000,0x000000de6c100000) (1024K)]
  0x000002c5fe2b94f0 JavaThread "Thread-11"                  daemon [_thread_in_native, id=21212, stack(0x000000de6c100000,0x000000de6c200000) (1024K)]
  0x000002c5fe2b4cc0 JavaThread "Thread-12"                  daemon [_thread_in_native, id=9772, stack(0x000000de6c200000,0x000000de6c300000) (1024K)]
  0x000002c5fe2b6700 JavaThread "Thread-13"                  daemon [_thread_in_native, id=4488, stack(0x000000de6c300000,0x000000de6c400000) (1024K)]
  0x000002c5fe2b7420 JavaThread "Thread-14"                  daemon [_thread_in_native, id=20884, stack(0x000000de6c400000,0x000000de6c500000) (1024K)]
  0x000002c5fe2b7ab0 JavaThread "Thread-15"                  daemon [_thread_in_native, id=12732, stack(0x000000de6c500000,0x000000de6c600000) (1024K)]
  0x000002c5fdf2a3e0 JavaThread "Thread-16"                  daemon [_thread_in_native, id=15540, stack(0x000000de6c600000,0x000000de6c700000) (1024K)]
  0x000002c5fdf289a0 JavaThread "Thread-17"                  daemon [_thread_in_native, id=13724, stack(0x000000de6c700000,0x000000de6c800000) (1024K)]
  0x000002c5fdf25bb0 JavaThread "Thread-18"                  daemon [_thread_in_native, id=6988, stack(0x000000de6c800000,0x000000de6c900000) (1024K)]
  0x000002c5fdf268d0 JavaThread "Thread-19"                  daemon [_thread_in_native, id=14020, stack(0x000000de6c900000,0x000000de6ca00000) (1024K)]
  0x000002c5fdf28310 JavaThread "Thread-20"                  daemon [_thread_in_native, id=21152, stack(0x000000de6ca00000,0x000000de6cb00000) (1024K)]
  0x000002c5fdf29030 JavaThread "Thread-21"                  daemon [_thread_in_native, id=21096, stack(0x000000de6cb00000,0x000000de6cc00000) (1024K)]
  0x000002c5fdf26f60 JavaThread "pool-2-thread-1"                   [_thread_blocked, id=15092, stack(0x000000de6cc00000,0x000000de6cd00000) (1024K)]
  0x000002c5fdf29d50 JavaThread "WorkspaceEventsHandler"            [_thread_blocked, id=26068, stack(0x000000de6cf00000,0x000000de6d000000) (1024K)]
  0x000002c5fdf275f0 JavaThread "pool-1-thread-1"                   [_thread_blocked, id=24728, stack(0x000000de6d000000,0x000000de6d100000) (1024K)]
  0x000002c5fdf27c80 JavaThread "PatternSearchJob-worker-1"  daemon [_thread_blocked, id=23816, stack(0x000000de6d100000,0x000000de6d200000) (1024K)]
  0x000002c5fdf296c0 JavaThread "PatternSearchJob-worker-2"  daemon [_thread_blocked, id=10208, stack(0x000000de6d200000,0x000000de6d300000) (1024K)]
  0x000002c5fdf2aa70 JavaThread "PatternSearchJob-worker-3"  daemon [_thread_blocked, id=10372, stack(0x000000de6d300000,0x000000de6d400000) (1024K)]
  0x000002c5fdf2b100 JavaThread "PatternSearchJob-worker-4"  daemon [_thread_blocked, id=5732, stack(0x000000de6d400000,0x000000de6d500000) (1024K)]
  0x000002c5fdf24170 JavaThread "PatternSearchJob-worker-5"  daemon [_thread_blocked, id=16072, stack(0x000000de6d500000,0x000000de6d600000) (1024K)]
  0x000002c5fdf2b790 JavaThread "PatternSearchJob-worker-6"  daemon [_thread_blocked, id=2528, stack(0x000000de6d600000,0x000000de6d700000) (1024K)]
  0x000002c5fdf24800 JavaThread "PatternSearchJob-worker-7"  daemon [_thread_blocked, id=25628, stack(0x000000de6d700000,0x000000de6d800000) (1024K)]
  0x000002c5fdf24e90 JavaThread "PatternSearchJob-worker-8"  daemon [_thread_blocked, id=3592, stack(0x000000de6d800000,0x000000de6d900000) (1024K)]
  0x000002c5fdf25520 JavaThread "PatternSearchJob-worker-9"  daemon [_thread_blocked, id=26992, stack(0x000000de6d900000,0x000000de6da00000) (1024K)]
  0x000002c5fdf26240 JavaThread "PatternSearchJob-worker-10" daemon [_thread_blocked, id=12228, stack(0x000000de6da00000,0x000000de6db00000) (1024K)]
  0x000002c5d4cab9b0 JavaThread "PatternSearchJob-worker-11" daemon [_thread_blocked, id=14060, stack(0x000000de6db00000,0x000000de6dc00000) (1024K)]
  0x000002c5d4ca8bc0 JavaThread "PatternSearchJob-worker-12" daemon [_thread_blocked, id=27632, stack(0x000000de6dc00000,0x000000de6dd00000) (1024K)]
  0x000002c5d4cae110 JavaThread "PatternSearchJob-worker-13" daemon [_thread_blocked, id=25700, stack(0x000000de6dd00000,0x000000de6de00000) (1024K)]
  0x000002c5d4cac6d0 JavaThread "PatternSearchJob-worker-14" daemon [_thread_blocked, id=19244, stack(0x000000de6de00000,0x000000de6df00000) (1024K)]
  0x000002c5d4cab320 JavaThread "PatternSearchJob-worker-15" daemon [_thread_blocked, id=21260, stack(0x000000de6df00000,0x000000de6e000000) (1024K)]
  0x000002c5d4caa600 JavaThread "PatternSearchJob-worker-16" daemon [_thread_blocked, id=24952, stack(0x000000de6e000000,0x000000de6e100000) (1024K)]
  0x000002c5d4ca7ea0 JavaThread "PatternSearchJob-worker-17" daemon [_thread_blocked, id=2160, stack(0x000000de6e100000,0x000000de6e200000) (1024K)]
  0x000002c5d4cae7a0 JavaThread "PatternSearchJob-worker-18" daemon [_thread_blocked, id=14036, stack(0x000000de6e200000,0x000000de6e300000) (1024K)]
  0x000002c5d4cacd60 JavaThread "PatternSearchJob-worker-19" daemon [_thread_blocked, id=16360, stack(0x000000de6e300000,0x000000de6e400000) (1024K)]
  0x000002c5d5d7bd50 JavaThread "C1 CompilerThread1"         daemon [_thread_blocked, id=18284, stack(0x000000de69100000,0x000000de69200000) (1024K)]
  0x000002c5d4caac90 JavaThread "ForkJoinPool.commonPool-worker-1" daemon [_thread_in_native, id=19664, stack(0x000000de69400000,0x000000de69500000) (1024K)]
  0x000002c5d4cada80 JavaThread "ForkJoinPool.commonPool-worker-2" daemon [_thread_blocked, id=3432, stack(0x000000de69500000,0x000000de69600000) (1024K)]
  0x000002c5d4ca98e0 JavaThread "ForkJoinPool.commonPool-worker-3" daemon [_thread_blocked, id=16756, stack(0x000000de69700000,0x000000de69800000) (1024K)]
  0x000002c5d43a6cd0 JavaThread "ForkJoinPool.commonPool-worker-4" daemon [_thread_blocked, id=27644, stack(0x000000de69e00000,0x000000de69f00000) (1024K)]
  0x000002c5d43a5fb0 JavaThread "ForkJoinPool.commonPool-worker-5" daemon [_thread_blocked, id=18032, stack(0x000000de69f00000,0x000000de6a000000) (1024K)]
  0x000002c5d43ac220 JavaThread "ForkJoinPool.commonPool-worker-6" daemon [_thread_blocked, id=20696, stack(0x000000de6b100000,0x000000de6b200000) (1024K)]
  0x000002c5d4727f80 JavaThread "C2 CompilerThread1"         daemon [_thread_blocked, id=10560, stack(0x000000de6cd00000,0x000000de6ce00000) (1024K)]
  0x000002c5d4726b10 JavaThread "C2 CompilerThread2"         daemon [_thread_blocked, id=924, stack(0x000000de6ce00000,0x000000de6cf00000) (1024K)]
  0x000002c5d4728650 JavaThread "C2 CompilerThread3"         daemon [_thread_blocked, id=18732, stack(0x000000de6e400000,0x000000de6e500000) (1024K)]
  0x000002c5d47271e0 JavaThread "C1 CompilerThread2"         daemon [_thread_blocked, id=25264, stack(0x000000de6e500000,0x000000de6e600000) (1024K)]
  0x000002c5d47278b0 JavaThread "C1 CompilerThread3"         daemon [_thread_blocked, id=14600, stack(0x000000de6e600000,0x000000de6e700000) (1024K)]
=>0x000002c5d54e1e90 JavaThread "C2 CompilerThread4"         daemon [_thread_in_native, id=2300, stack(0x000000de6e700000,0x000000de6e800000) (1024K)]
  0x000002c5d54dda70 JavaThread "C2 CompilerThread5"         daemon [_thread_blocked, id=15684, stack(0x000000de6e800000,0x000000de6e900000) (1024K)]
  0x000002c5d54dbf30 JavaThread "C2 CompilerThread6"         daemon [_thread_blocked, id=14072, stack(0x000000de6e900000,0x000000de6ea00000) (1024K)]
  0x000002c5d54dc600 JavaThread "C2 CompilerThread7"         daemon [_thread_in_native, id=21684, stack(0x000000de6ea00000,0x000000de6eb00000) (1024K)]
  0x000002c5d43ac8b0 JavaThread "LocalFile Deleter"          daemon [_thread_blocked, id=9940, stack(0x000000de6eb00000,0x000000de6ec00000) (1024K)]
  0x000002c5d43ab500 JavaThread "LocalFile Deleter"          daemon [_thread_blocked, id=11836, stack(0x000000de6ec00000,0x000000de6ed00000) (1024K)]
  0x000002c5d43acf40 JavaThread "LocalFile Deleter"          daemon [_thread_blocked, id=4100, stack(0x000000de6ed00000,0x000000de6ee00000) (1024K)]
  0x000002c5d43aae70 JavaThread "LocalFile Deleter"          daemon [_thread_blocked, id=16812, stack(0x000000de6ee00000,0x000000de6ef00000) (1024K)]
  0x000002c5d43a9ac0 JavaThread "LocalFile Deleter"          daemon [_thread_blocked, id=12632, stack(0x000000de6ef00000,0x000000de6f000000) (1024K)]
  0x000002c5d43abb90 JavaThread "LocalFile Deleter"          daemon [_thread_blocked, id=9432, stack(0x000000de6f000000,0x000000de6f100000) (1024K)]
  0x000002c5d43ad5d0 JavaThread "LocalFile Deleter"          daemon [_thread_blocked, id=22944, stack(0x000000de6f100000,0x000000de6f200000) (1024K)]
  0x000002c5d43aa150 JavaThread "LocalFile Deleter"          daemon [_thread_blocked, id=5208, stack(0x000000de6f200000,0x000000de6f300000) (1024K)]
  0x000002c5d43a7360 JavaThread "LocalFile Deleter"          daemon [_thread_blocked, id=27624, stack(0x000000de6f300000,0x000000de6f400000) (1024K)]
  0x000002c5d43aa7e0 JavaThread "LocalFile Deleter"          daemon [_thread_blocked, id=25872, stack(0x000000de6f400000,0x000000de6f500000) (1024K)]
  0x000002c5d7ca2d90 JavaThread "LocalFile Deleter"          daemon [_thread_blocked, id=20192, stack(0x000000de6f500000,0x000000de6f600000) (1024K)]
  0x000002c5d7c9f910 JavaThread "LocalFile Deleter"          daemon [_thread_blocked, id=12952, stack(0x000000de6f600000,0x000000de6f700000) (1024K)]
  0x000002c5d7ca4140 JavaThread "LocalFile Deleter"          daemon [_thread_blocked, id=1712, stack(0x000000de6f700000,0x000000de6f800000) (1024K)]
  0x000002c5d7ca0630 JavaThread "LocalFile Deleter"          daemon [_thread_blocked, id=13844, stack(0x000000de6f800000,0x000000de6f900000) (1024K)]
  0x000002c5d7ca3420 JavaThread "LocalFile Deleter"          daemon [_thread_blocked, id=3440, stack(0x000000de6f900000,0x000000de6fa00000) (1024K)]
  0x000002c5d7c9ffa0 JavaThread "LocalFile Deleter"          daemon [_thread_blocked, id=3252, stack(0x000000de6fa00000,0x000000de6fb00000) (1024K)]
  0x000002c5d7ca19e0 JavaThread "LocalFile Deleter"          daemon [_thread_blocked, id=16272, stack(0x000000de6fb00000,0x000000de6fc00000) (1024K)]
  0x000002c5d7ca0cc0 JavaThread "LocalFile Deleter"          daemon [_thread_blocked, id=1404, stack(0x000000de6fc00000,0x000000de6fd00000) (1024K)]
  0x000002c5d7ca1350 JavaThread "LocalFile Deleter"          daemon [_thread_blocked, id=17832, stack(0x000000de6fd00000,0x000000de6fe00000) (1024K)]
  0x000002c5d7ca2700 JavaThread "LocalFile Deleter"          daemon [_thread_blocked, id=16980, stack(0x000000de6fe00000,0x000000de6ff00000) (1024K)]
  0x000002c5d7ca2070 JavaThread "Compiler Source File Reader" daemon [_thread_blocked, id=27112, stack(0x000000de6ff00000,0x000000de70000000) (1024K)]
  0x000002c5d7ca3ab0 JavaThread "Compiler Source File Reader" daemon [_thread_blocked, id=4976, stack(0x000000de70000000,0x000000de70100000) (1024K)]
  0x000002c5d7ca47d0 JavaThread "Compiler Source File Reader" daemon [_thread_blocked, id=26724, stack(0x000000de70100000,0x000000de70200000) (1024K)]
  0x000002c5d7ca4e60 JavaThread "Compiler Source File Reader" daemon [_thread_blocked, id=24116, stack(0x000000de70200000,0x000000de70300000) (1024K)]
  0x000002c5d7ca54f0 JavaThread "Compiler Source File Reader" daemon [_thread_blocked, id=26548, stack(0x000000de70300000,0x000000de70400000) (1024K)]
  0x000002c5d7c9e560 JavaThread "Compiler Source File Reader" daemon [_thread_blocked, id=24732, stack(0x000000de70400000,0x000000de70500000) (1024K)]
  0x000002c5d7c9f280 JavaThread "Compiler Source File Reader" daemon [_thread_blocked, id=1276, stack(0x000000de70500000,0x000000de70600000) (1024K)]
  0x000002c5d7ca5b80 JavaThread "Compiler Source File Reader" daemon [_thread_blocked, id=19980, stack(0x000000de70600000,0x000000de70700000) (1024K)]
  0x000002c5d7c9ebf0 JavaThread "Compiler Source File Reader" daemon [_thread_blocked, id=760, stack(0x000000de70700000,0x000000de70800000) (1024K)]
  0x000002c5db75d090 JavaThread "Compiler Source File Reader" daemon [_thread_blocked, id=17208, stack(0x000000de70800000,0x000000de70900000) (1024K)]
  0x000002c5db75b650 JavaThread "Compiler Source File Reader" daemon [_thread_blocked, id=14128, stack(0x000000de70900000,0x000000de70a00000) (1024K)]
  0x000002c5db75e440 JavaThread "Compiler Source File Reader" daemon [_thread_blocked, id=24876, stack(0x000000de70a00000,0x000000de70b00000) (1024K)]
  0x000002c5db75ead0 JavaThread "Compiler Source File Reader" daemon [_thread_blocked, id=10756, stack(0x000000de70b00000,0x000000de70c00000) (1024K)]
  0x000002c5db75ca00 JavaThread "Compiler Source File Reader" daemon [_thread_blocked, id=25136, stack(0x000000de70c00000,0x000000de70d00000) (1024K)]
  0x000002c5db75bce0 JavaThread "Compiler Source File Reader" daemon [_thread_blocked, id=3764, stack(0x000000de70d00000,0x000000de70e00000) (1024K)]
Total: 118

Other Threads:
  0x000002c5fb092390 VMThread "VM Thread"                           [id=7020, stack(0x000000de68800000,0x000000de68900000) (1024K)]
  0x000002c5f2062120 WatcherThread "VM Periodic Task Thread"        [id=24216, stack(0x000000de68700000,0x000000de68800000) (1024K)]
  0x000002c5f20155f0 WorkerThread "GC Thread#0"                     [id=3244, stack(0x000000de68600000,0x000000de68700000) (1024K)]
  0x000002c5fd970410 WorkerThread "GC Thread#1"                     [id=3300, stack(0x000000de69800000,0x000000de69900000) (1024K)]
  0x000002c5fd9707c0 WorkerThread "GC Thread#2"                     [id=20856, stack(0x000000de69900000,0x000000de69a00000) (1024K)]
  0x000002c5fd6c14d0 WorkerThread "GC Thread#3"                     [id=25508, stack(0x000000de69a00000,0x000000de69b00000) (1024K)]
  0x000002c5fd6c1880 WorkerThread "GC Thread#4"                     [id=17492, stack(0x000000de69b00000,0x000000de69c00000) (1024K)]
  0x000002c5fd25efe0 WorkerThread "GC Thread#5"                     [id=22508, stack(0x000000de69c00000,0x000000de69d00000) (1024K)]
  0x000002c5fd25d610 WorkerThread "GC Thread#6"                     [id=2644, stack(0x000000de69d00000,0x000000de69e00000) (1024K)]
  0x000002c5fd25e4d0 WorkerThread "GC Thread#7"                     [id=12224, stack(0x000000de6a100000,0x000000de6a200000) (1024K)]
  0x000002c5fd25e120 WorkerThread "GC Thread#8"                     [id=32, stack(0x000000de6a500000,0x000000de6a600000) (1024K)]
  0x000002c5fd25d9c0 WorkerThread "GC Thread#9"                     [id=14896, stack(0x000000de6a600000,0x000000de6a700000) (1024K)]
  0x000002c5fd25e880 WorkerThread "GC Thread#10"                    [id=14696, stack(0x000000de6a700000,0x000000de6a800000) (1024K)]
  0x000002c5fdd2e3c0 WorkerThread "GC Thread#11"                    [id=24236, stack(0x000000de6aa00000,0x000000de6ab00000) (1024K)]
  0x000002c5fdd31000 WorkerThread "GC Thread#12"                    [id=26880, stack(0x000000de6ab00000,0x000000de6ac00000) (1024K)]
  0x000002c5fdd2e770 WorkerThread "GC Thread#13"                    [id=14884, stack(0x000000de6af00000,0x000000de6b000000) (1024K)]
  0x000002c5fdd2eb20 WorkerThread "GC Thread#14"                    [id=13632, stack(0x000000de6b000000,0x000000de6b100000) (1024K)]
Total: 17

Threads with active compile tasks:
C2 CompilerThread3  9454 10629       4       java.net.URL::toString (5 bytes)
C1 CompilerThread2  9454 10630       3       jdk.internal.loader.BuiltinClassLoader::findResource (48 bytes)
C2 CompilerThread4  9454 10507 % !   4       org.eclipse.jdt.internal.core.JarPackageFragmentRoot::computeChildren @ 139 (523 bytes)
C2 CompilerThread7  9455 10490 %     4       java.util.Properties::load0 @ 29 (249 bytes)
Total: 4

VM state: not at safepoint (normal execution)

VM Mutex/Monitor currently owned by a thread: None

Heap address: 0x0000000080000000, size: 2048 MB, Compressed Oops mode: 32-bit

CDS archive(s) mapped at: [0x000002c58f000000-0x000002c58fba0000-0x000002c58fba0000), size 12189696, SharedBaseAddress: 0x000002c58f000000, ArchiveRelocationMode: 1.
Compressed class space mapped at: 0x000002c590000000-0x000002c5d0000000, reserved size: 1073741824
Narrow klass base: 0x000002c58f000000, Narrow klass shift: 0, Narrow klass range: 0x100000000

GC Precious Log:
 CardTable entry size: 512
 CPUs: 20 total, 20 available
 Memory: 16072M
 Large Page Support: Disabled
 NUMA Support: Disabled
 Compressed Oops: Enabled (32-bit)
 Alignments: Space 512K, Generation 512K, Heap 2M
 Heap Min Capacity: 100M
 Heap Initial Capacity: 100M
 Heap Max Capacity: 2G
 Pre-touch: Disabled
 Parallel Workers: 15

Heap:
 PSYoungGen      total 12800K, used 1104K [0x00000000d5580000, 0x00000000d6380000, 0x0000000100000000)
  eden space 12288K, 4% used [0x00000000d5580000,0x00000000d5618208,0x00000000d6180000)
  from space 512K, 96% used [0x00000000d6200000,0x00000000d627c010,0x00000000d6280000)
  to   space 1024K, 0% used [0x00000000d6280000,0x00000000d6280000,0x00000000d6380000)
 ParOldGen       total 88064K, used 87858K [0x0000000080000000, 0x0000000085600000, 0x00000000d5580000)
  object space 88064K, 99% used [0x0000000080000000,0x00000000855ccb30,0x0000000085600000)
 Metaspace       used 57811K, committed 59200K, reserved 1114112K
  class space    used 6159K, committed 6784K, reserved 1048576K

Card table byte_map: [0x000002c5f19a0000,0x000002c5f1db0000] _byte_map_base: 0x000002c5f15a0000

Marking Bits: (ParMarkBitMap*) 0x00007ff837ef4460
 Begin Bits: [0x000002c5f54b0000, 0x000002c5f74b0000)
 End Bits:   [0x000002c5f74b0000, 0x000002c5f94b0000)

Polling page: 0x000002c5efde0000

Metaspace:

Usage:
  Non-class:     50.44 MB used.
      Class:      6.02 MB used.
       Both:     56.46 MB used.

Virtual space:
  Non-class space:       64.00 MB reserved,      51.19 MB ( 80%) committed,  1 nodes.
      Class space:        1.00 GB reserved,       6.62 MB ( <1%) committed,  1 nodes.
             Both:        1.06 GB reserved,      57.81 MB (  5%) committed. 

Chunk freelists:
   Non-Class:  12.22 MB
       Class:  9.25 MB
        Both:  21.47 MB

MaxMetaspaceSize: unlimited
CompressedClassSpaceSize: 1.00 GB
Initial GC threshold: 21.00 MB
Current GC threshold: 58.38 MB
CDS: on
 - commit_granule_bytes: 65536.
 - commit_granule_words: 8192.
 - virtual_space_node_default_size: 8388608.
 - enlarge_chunks_in_place: 1.
 - use_allocation_guard: 0.


Internal statistics:

num_allocs_failed_limit: 6.
num_arena_births: 1122.
num_arena_deaths: 14.
num_vsnodes_births: 2.
num_vsnodes_deaths: 0.
num_space_committed: 925.
num_space_uncommitted: 0.
num_chunks_returned_to_freelist: 20.
num_chunks_taken_from_freelist: 3736.
num_chunk_merges: 9.
num_chunk_splits: 2365.
num_chunks_enlarged: 1380.
num_inconsistent_stats: 0.

CodeHeap 'non-profiled nmethods': size=119168Kb used=6992Kb max_used=6992Kb free=112175Kb
 bounds [0x000002c587ba0000, 0x000002c588280000, 0x000002c58f000000]
CodeHeap 'profiled nmethods': size=119104Kb used=22163Kb max_used=22163Kb free=96940Kb
 bounds [0x000002c580000000, 0x000002c5815b0000, 0x000002c587450000]
CodeHeap 'non-nmethods': size=7488Kb used=3098Kb max_used=3165Kb free=4389Kb
 bounds [0x000002c587450000, 0x000002c587780000, 0x000002c587ba0000]
CodeCache: size=245760Kb, used=32253Kb, max_used=32320Kb, free=213504Kb
 total_blobs=10751, nmethods=10031, adapters=623, full_count=0
Compilation: enabled, stopped_count=0, restarted_count=0

Compilation events (20 events):
Event: 9.410 Thread 0x000002c5d5d7bd50 10605       3       org.eclipse.core.internal.resources.ResourceProxy::getType (8 bytes)
Event: 9.410 Thread 0x000002c5d5d7bd50 nmethod 10605 0x000002c58159a010 code [0x000002c58159a1c0, 0x000002c58159a470]
Event: 9.414 Thread 0x000002c5fb0d2f60 10606       1       java.lang.ThreadGroup::getMaxPriority (5 bytes)
Event: 9.414 Thread 0x000002c5fb0d2f60 nmethod 10606 0x000002c588270a10 code [0x000002c588270ba0, 0x000002c588270c68]
Event: 9.414 Thread 0x000002c5d4728650 10607       4       java.util.IdentityHashMap::init (11 bytes)
Event: 9.415 Thread 0x000002c5d4726b10 10608       4       org.eclipse.core.runtime.Path::lastSegment (22 bytes)
Event: 9.415 Thread 0x000002c5d4726b10 nmethod 10608 0x000002c588270d10 code [0x000002c588270ea0, 0x000002c588270f78]
Event: 9.415 Thread 0x000002c5d4728650 nmethod 10607 0x000002c588271090 code [0x000002c588271220, 0x000002c5882713e8]
Event: 9.427 Thread 0x000002c5d4727f80 10613       4       org.eclipse.core.runtime.Path::segmentCount (6 bytes)
Event: 9.427 Thread 0x000002c5d54dbf30 10614       4       org.eclipse.core.internal.preferences.EclipsePreferences::get (16 bytes)
Event: 9.428 Thread 0x000002c5fb0d2f60 10615       3       org.eclipse.core.runtime.Path::removeFirstSegments (91 bytes)
Event: 9.428 Thread 0x000002c5d4726b10 10616       4       org.eclipse.core.runtime.Path::collapseSlashes (142 bytes)
Event: 9.428 Thread 0x000002c5d4727f80 nmethod 10613 0x000002c588272090 code [0x000002c588272220, 0x000002c5882722c0]
Event: 9.428 Thread 0x000002c5d54dbf30 nmethod 10614 0x000002c588272390 code [0x000002c588272520, 0x000002c5882725d8]
Event: 9.428 Thread 0x000002c5fb0d2f60 nmethod 10615 0x000002c58159a590 code [0x000002c58159a7c0, 0x000002c58159aef0]
Event: 9.429 Thread 0x000002c5d5d7bd50 10617   !   3       org.eclipse.core.internal.resources.ProjectPreferences::initialize (117 bytes)
Event: 9.429 Thread 0x000002c5d47271e0 10618       3       org.eclipse.core.runtime.Path::removeLastSegments (85 bytes)
Event: 9.430 Thread 0x000002c5d47271e0 nmethod 10618 0x000002c58159b190 code [0x000002c58159b3c0, 0x000002c58159bae8]
Event: 9.430 Thread 0x000002c5d5d7bd50 nmethod 10617 0x000002c58159bd90 code [0x000002c58159c040, 0x000002c58159d0a0]
Event: 9.430 Thread 0x000002c5d4726b10 nmethod 10616 0x000002c588272690 code [0x000002c588272820, 0x000002c588272a58]

GC Heap History (20 events):
Event: 9.267 GC heap before
{Heap before GC invocations=83 (full 2):
 PSYoungGen      total 12800K, used 12768K [0x00000000d5580000, 0x00000000d6480000, 0x0000000100000000)
  eden space 12288K, 100% used [0x00000000d5580000,0x00000000d6180000,0x00000000d6180000)
  from space 512K, 93% used [0x00000000d6400000,0x00000000d6478000,0x00000000d6480000)
  to   space 1024K, 0% used [0x00000000d6280000,0x00000000d6280000,0x00000000d6380000)
 ParOldGen       total 86016K, used 85831K [0x0000000080000000, 0x0000000085400000, 0x00000000d5580000)
  object space 86016K, 99% used [0x0000000080000000,0x00000000853d1df0,0x0000000085400000)
 Metaspace       used 56193K, committed 57600K, reserved 1114112K
  class space    used 5952K, committed 6592K, reserved 1048576K
}
Event: 9.267 GC heap after
{Heap after GC invocations=83 (full 2):
 PSYoungGen      total 13312K, used 800K [0x00000000d5580000, 0x00000000d6480000, 0x0000000100000000)
  eden space 12288K, 0% used [0x00000000d5580000,0x00000000d5580000,0x00000000d6180000)
  from space 1024K, 78% used [0x00000000d6280000,0x00000000d6348170,0x00000000d6380000)
  to   space 1024K, 0% used [0x00000000d6380000,0x00000000d6380000,0x00000000d6480000)
 ParOldGen       total 86016K, used 85927K [0x0000000080000000, 0x0000000085400000, 0x00000000d5580000)
  object space 86016K, 99% used [0x0000000080000000,0x00000000853e9cc0,0x0000000085400000)
 Metaspace       used 56193K, committed 57600K, reserved 1114112K
  class space    used 5952K, committed 6592K, reserved 1048576K
}
Event: 9.279 GC heap before
{Heap before GC invocations=84 (full 2):
 PSYoungGen      total 13312K, used 13088K [0x00000000d5580000, 0x00000000d6480000, 0x0000000100000000)
  eden space 12288K, 100% used [0x00000000d5580000,0x00000000d6180000,0x00000000d6180000)
  from space 1024K, 78% used [0x00000000d6280000,0x00000000d6348170,0x00000000d6380000)
  to   space 1024K, 0% used [0x00000000d6380000,0x00000000d6380000,0x00000000d6480000)
 ParOldGen       total 86016K, used 85927K [0x0000000080000000, 0x0000000085400000, 0x00000000d5580000)
  object space 86016K, 99% used [0x0000000080000000,0x00000000853e9cc0,0x0000000085400000)
 Metaspace       used 56347K, committed 57728K, reserved 1114112K
  class space    used 5971K, committed 6592K, reserved 1048576K
}
Event: 9.280 GC heap after
{Heap after GC invocations=84 (full 2):
 PSYoungGen      total 13312K, used 530K [0x00000000d5580000, 0x00000000d6480000, 0x0000000100000000)
  eden space 12288K, 0% used [0x00000000d5580000,0x00000000d5580000,0x00000000d6180000)
  from space 1024K, 51% used [0x00000000d6380000,0x00000000d6404bb8,0x00000000d6480000)
  to   space 1024K, 0% used [0x00000000d6280000,0x00000000d6280000,0x00000000d6380000)
 ParOldGen       total 86528K, used 86127K [0x0000000080000000, 0x0000000085480000, 0x00000000d5580000)
  object space 86528K, 99% used [0x0000000080000000,0x000000008541bcc0,0x0000000085480000)
 Metaspace       used 56347K, committed 57728K, reserved 1114112K
  class space    used 5971K, committed 6592K, reserved 1048576K
}
Event: 9.291 GC heap before
{Heap before GC invocations=85 (full 2):
 PSYoungGen      total 13312K, used 12818K [0x00000000d5580000, 0x00000000d6480000, 0x0000000100000000)
  eden space 12288K, 100% used [0x00000000d5580000,0x00000000d6180000,0x00000000d6180000)
  from space 1024K, 51% used [0x00000000d6380000,0x00000000d6404bb8,0x00000000d6480000)
  to   space 1024K, 0% used [0x00000000d6280000,0x00000000d6280000,0x00000000d6380000)
 ParOldGen       total 86528K, used 86127K [0x0000000080000000, 0x0000000085480000, 0x00000000d5580000)
  object space 86528K, 99% used [0x0000000080000000,0x000000008541bcc0,0x0000000085480000)
 Metaspace       used 56551K, committed 57984K, reserved 1114112K
  class space    used 6003K, committed 6656K, reserved 1048576K
}
Event: 9.291 GC heap after
{Heap after GC invocations=85 (full 2):
 PSYoungGen      total 13312K, used 448K [0x00000000d5580000, 0x00000000d6400000, 0x0000000100000000)
  eden space 12288K, 0% used [0x00000000d5580000,0x00000000d5580000,0x00000000d6180000)
  from space 1024K, 43% used [0x00000000d6280000,0x00000000d62f0000,0x00000000d6380000)
  to   space 512K, 0% used [0x00000000d6380000,0x00000000d6380000,0x00000000d6400000)
 ParOldGen       total 86528K, used 86385K [0x0000000080000000, 0x0000000085480000, 0x00000000d5580000)
  object space 86528K, 99% used [0x0000000080000000,0x000000008545c590,0x0000000085480000)
 Metaspace       used 56551K, committed 57984K, reserved 1114112K
  class space    used 6003K, committed 6656K, reserved 1048576K
}
Event: 9.301 GC heap before
{Heap before GC invocations=86 (full 2):
 PSYoungGen      total 13312K, used 12720K [0x00000000d5580000, 0x00000000d6400000, 0x0000000100000000)
  eden space 12288K, 99% used [0x00000000d5580000,0x00000000d617c370,0x00000000d6180000)
  from space 1024K, 43% used [0x00000000d6280000,0x00000000d62f0000,0x00000000d6380000)
  to   space 512K, 0% used [0x00000000d6380000,0x00000000d6380000,0x00000000d6400000)
 ParOldGen       total 86528K, used 86385K [0x0000000080000000, 0x0000000085480000, 0x00000000d5580000)
  object space 86528K, 99% used [0x0000000080000000,0x000000008545c590,0x0000000085480000)
 Metaspace       used 56748K, committed 58176K, reserved 1114112K
  class space    used 6039K, committed 6720K, reserved 1048576K
}
Event: 9.302 GC heap after
{Heap after GC invocations=86 (full 2):
 PSYoungGen      total 12800K, used 484K [0x00000000d5580000, 0x00000000d6400000, 0x0000000100000000)
  eden space 12288K, 0% used [0x00000000d5580000,0x00000000d5580000,0x00000000d6180000)
  from space 512K, 94% used [0x00000000d6380000,0x00000000d63f9210,0x00000000d6400000)
  to   space 1024K, 0% used [0x00000000d6200000,0x00000000d6200000,0x00000000d6300000)
 ParOldGen       total 87040K, used 86673K [0x0000000080000000, 0x0000000085500000, 0x00000000d5580000)
  object space 87040K, 99% used [0x0000000080000000,0x00000000854a4590,0x0000000085500000)
 Metaspace       used 56748K, committed 58176K, reserved 1114112K
  class space    used 6039K, committed 6720K, reserved 1048576K
}
Event: 9.311 GC heap before
{Heap before GC invocations=87 (full 2):
 PSYoungGen      total 12800K, used 12772K [0x00000000d5580000, 0x00000000d6400000, 0x0000000100000000)
  eden space 12288K, 100% used [0x00000000d5580000,0x00000000d6180000,0x00000000d6180000)
  from space 512K, 94% used [0x00000000d6380000,0x00000000d63f9210,0x00000000d6400000)
  to   space 1024K, 0% used [0x00000000d6200000,0x00000000d6200000,0x00000000d6300000)
 ParOldGen       total 87040K, used 86673K [0x0000000080000000, 0x0000000085500000, 0x00000000d5580000)
  object space 87040K, 99% used [0x0000000080000000,0x00000000854a4590,0x0000000085500000)
 Metaspace       used 56864K, committed 58304K, reserved 1114112K
  class space    used 6046K, committed 6720K, reserved 1048576K
}
Event: 9.311 GC heap after
{Heap after GC invocations=87 (full 2):
 PSYoungGen      total 13312K, used 584K [0x00000000d5580000, 0x00000000d6400000, 0x0000000100000000)
  eden space 12288K, 0% used [0x00000000d5580000,0x00000000d5580000,0x00000000d6180000)
  from space 1024K, 57% used [0x00000000d6200000,0x00000000d6292028,0x00000000d6300000)
  to   space 1024K, 0% used [0x00000000d6300000,0x00000000d6300000,0x00000000d6400000)
 ParOldGen       total 87040K, used 86880K [0x0000000080000000, 0x0000000085500000, 0x00000000d5580000)
  object space 87040K, 99% used [0x0000000080000000,0x00000000854d8290,0x0000000085500000)
 Metaspace       used 56864K, committed 58304K, reserved 1114112K
  class space    used 6046K, committed 6720K, reserved 1048576K
}
Event: 9.321 GC heap before
{Heap before GC invocations=88 (full 2):
 PSYoungGen      total 13312K, used 12872K [0x00000000d5580000, 0x00000000d6400000, 0x0000000100000000)
  eden space 12288K, 100% used [0x00000000d5580000,0x00000000d6180000,0x00000000d6180000)
  from space 1024K, 57% used [0x00000000d6200000,0x00000000d6292028,0x00000000d6300000)
  to   space 1024K, 0% used [0x00000000d6300000,0x00000000d6300000,0x00000000d6400000)
 ParOldGen       total 87040K, used 86880K [0x0000000080000000, 0x0000000085500000, 0x00000000d5580000)
  object space 87040K, 99% used [0x0000000080000000,0x00000000854d8290,0x0000000085500000)
 Metaspace       used 56884K, committed 58304K, reserved 1114112K
  class space    used 6047K, committed 6720K, reserved 1048576K
}
Event: 9.321 GC heap after
{Heap after GC invocations=88 (full 2):
 PSYoungGen      total 13312K, used 626K [0x00000000d5580000, 0x00000000d6400000, 0x0000000100000000)
  eden space 12288K, 0% used [0x00000000d5580000,0x00000000d5580000,0x00000000d6180000)
  from space 1024K, 61% used [0x00000000d6300000,0x00000000d639cb18,0x00000000d6400000)
  to   space 1024K, 0% used [0x00000000d6200000,0x00000000d6200000,0x00000000d6300000)
 ParOldGen       total 87552K, used 87082K [0x0000000080000000, 0x0000000085580000, 0x00000000d5580000)
  object space 87552K, 99% used [0x0000000080000000,0x000000008550aa08,0x0000000085580000)
 Metaspace       used 56884K, committed 58304K, reserved 1114112K
  class space    used 6047K, committed 6720K, reserved 1048576K
}
Event: 9.336 GC heap before
{Heap before GC invocations=89 (full 2):
 PSYoungGen      total 13312K, used 12914K [0x00000000d5580000, 0x00000000d6400000, 0x0000000100000000)
  eden space 12288K, 100% used [0x00000000d5580000,0x00000000d6180000,0x00000000d6180000)
  from space 1024K, 61% used [0x00000000d6300000,0x00000000d639cb18,0x00000000d6400000)
  to   space 1024K, 0% used [0x00000000d6200000,0x00000000d6200000,0x00000000d6300000)
 ParOldGen       total 87552K, used 87082K [0x0000000080000000, 0x0000000085580000, 0x00000000d5580000)
  object space 87552K, 99% used [0x0000000080000000,0x000000008550aa08,0x0000000085580000)
 Metaspace       used 57018K, committed 58432K, reserved 1114112K
  class space    used 6052K, committed 6720K, reserved 1048576K
}
Event: 9.337 GC heap after
{Heap after GC invocations=89 (full 2):
 PSYoungGen      total 12800K, used 448K [0x00000000d5580000, 0x00000000d6380000, 0x0000000100000000)
  eden space 12288K, 0% used [0x00000000d5580000,0x00000000d5580000,0x00000000d6180000)
  from space 512K, 87% used [0x00000000d6200000,0x00000000d6270000,0x00000000d6280000)
  to   space 1024K, 0% used [0x00000000d6280000,0x00000000d6280000,0x00000000d6380000)
 ParOldGen       total 87552K, used 87339K [0x0000000080000000, 0x0000000085580000, 0x00000000d5580000)
  object space 87552K, 99% used [0x0000000080000000,0x000000008554afb8,0x0000000085580000)
 Metaspace       used 57018K, committed 58432K, reserved 1114112K
  class space    used 6052K, committed 6720K, reserved 1048576K
}
Event: 9.348 GC heap before
{Heap before GC invocations=90 (full 2):
 PSYoungGen      total 12800K, used 12736K [0x00000000d5580000, 0x00000000d6380000, 0x0000000100000000)
  eden space 12288K, 100% used [0x00000000d5580000,0x00000000d6180000,0x00000000d6180000)
  from space 512K, 87% used [0x00000000d6200000,0x00000000d6270000,0x00000000d6280000)
  to   space 1024K, 0% used [0x00000000d6280000,0x00000000d6280000,0x00000000d6380000)
 ParOldGen       total 87552K, used 87339K [0x0000000080000000, 0x0000000085580000, 0x00000000d5580000)
  object space 87552K, 99% used [0x0000000080000000,0x000000008554afb8,0x0000000085580000)
 Metaspace       used 57097K, committed 58496K, reserved 1114112K
  class space    used 6072K, committed 6720K, reserved 1048576K
}
Event: 9.349 GC heap after
{Heap after GC invocations=90 (full 2):
 PSYoungGen      total 12800K, used 480K [0x00000000d5580000, 0x00000000d6300000, 0x0000000100000000)
  eden space 12288K, 0% used [0x00000000d5580000,0x00000000d5580000,0x00000000d6180000)
  from space 512K, 93% used [0x00000000d6280000,0x00000000d62f8000,0x00000000d6300000)
  to   space 512K, 0% used [0x00000000d6200000,0x00000000d6200000,0x00000000d6280000)
 ParOldGen       total 87552K, used 87475K [0x0000000080000000, 0x0000000085580000, 0x00000000d5580000)
  object space 87552K, 99% used [0x0000000080000000,0x000000008556cfb8,0x0000000085580000)
 Metaspace       used 57097K, committed 58496K, reserved 1114112K
  class space    used 6072K, committed 6720K, reserved 1048576K
}
Event: 9.356 GC heap before
{Heap before GC invocations=91 (full 2):
 PSYoungGen      total 12800K, used 12768K [0x00000000d5580000, 0x00000000d6300000, 0x0000000100000000)
  eden space 12288K, 100% used [0x00000000d5580000,0x00000000d6180000,0x00000000d6180000)
  from space 512K, 93% used [0x00000000d6280000,0x00000000d62f8000,0x00000000d6300000)
  to   space 512K, 0% used [0x00000000d6200000,0x00000000d6200000,0x00000000d6280000)
 ParOldGen       total 87552K, used 87475K [0x0000000080000000, 0x0000000085580000, 0x00000000d5580000)
  object space 87552K, 99% used [0x0000000080000000,0x000000008556cfb8,0x0000000085580000)
 Metaspace       used 57181K, committed 58560K, reserved 1114112K
  class space    used 6082K, committed 6720K, reserved 1048576K
}
Event: 9.357 GC heap after
{Heap after GC invocations=91 (full 2):
 PSYoungGen      total 12800K, used 480K [0x00000000d5580000, 0x00000000d6300000, 0x0000000100000000)
  eden space 12288K, 0% used [0x00000000d5580000,0x00000000d5580000,0x00000000d6180000)
  from space 512K, 93% used [0x00000000d6200000,0x00000000d6278000,0x00000000d6280000)
  to   space 512K, 0% used [0x00000000d6280000,0x00000000d6280000,0x00000000d6300000)
 ParOldGen       total 88064K, used 87579K [0x0000000080000000, 0x0000000085600000, 0x00000000d5580000)
  object space 88064K, 99% used [0x0000000080000000,0x0000000085586fb8,0x0000000085600000)
 Metaspace       used 57181K, committed 58560K, reserved 1114112K
  class space    used 6082K, committed 6720K, reserved 1048576K
}
Event: 9.367 GC heap before
{Heap before GC invocations=92 (full 2):
 PSYoungGen      total 12800K, used 12768K [0x00000000d5580000, 0x00000000d6300000, 0x0000000100000000)
  eden space 12288K, 100% used [0x00000000d5580000,0x00000000d6180000,0x00000000d6180000)
  from space 512K, 93% used [0x00000000d6200000,0x00000000d6278000,0x00000000d6280000)
  to   space 512K, 0% used [0x00000000d6280000,0x00000000d6280000,0x00000000d6300000)
 ParOldGen       total 88064K, used 87579K [0x0000000080000000, 0x0000000085600000, 0x00000000d5580000)
  object space 88064K, 99% used [0x0000000080000000,0x0000000085586fb8,0x0000000085600000)
 Metaspace       used 57331K, committed 58688K, reserved 1114112K
  class space    used 6099K, committed 6720K, reserved 1048576K
}
Event: 9.367 GC heap after
{Heap after GC invocations=92 (full 2):
 PSYoungGen      total 12800K, used 448K [0x00000000d5580000, 0x00000000d6300000, 0x0000000100000000)
  eden space 12288K, 0% used [0x00000000d5580000,0x00000000d5580000,0x00000000d6180000)
  from space 512K, 87% used [0x00000000d6280000,0x00000000d62f0000,0x00000000d6300000)
  to   space 512K, 0% used [0x00000000d6200000,0x00000000d6200000,0x00000000d6280000)
 ParOldGen       total 88064K, used 87691K [0x0000000080000000, 0x0000000085600000, 0x00000000d5580000)
  object space 88064K, 99% used [0x0000000080000000,0x00000000855a2fb8,0x0000000085600000)
 Metaspace       used 57331K, committed 58688K, reserved 1114112K
  class space    used 6099K, committed 6720K, reserved 1048576K
}

Dll operation events (12 events):
Event: 0.004 Loaded shared library c:\Users\aluno\.vscode\extensions\redhat.java-1.55.0-win32-x64\jre\21.0.11-win32-x86_64\bin\java.dll
Event: 0.032 Loaded shared library c:\Users\aluno\.vscode\extensions\redhat.java-1.55.0-win32-x64\jre\21.0.11-win32-x86_64\bin\zip.dll
Event: 0.040 Loaded shared library C:\Users\aluno\.vscode\extensions\redhat.java-1.55.0-win32-x64\jre\21.0.11-win32-x86_64\bin\instrument.dll
Event: 0.042 Loaded shared library C:\Users\aluno\.vscode\extensions\redhat.java-1.55.0-win32-x64\jre\21.0.11-win32-x86_64\bin\net.dll
Event: 0.043 Loaded shared library C:\Users\aluno\.vscode\extensions\redhat.java-1.55.0-win32-x64\jre\21.0.11-win32-x86_64\bin\nio.dll
Event: 0.044 Loaded shared library C:\Users\aluno\.vscode\extensions\redhat.java-1.55.0-win32-x64\jre\21.0.11-win32-x86_64\bin\zip.dll
Event: 0.054 Loaded shared library C:\Users\aluno\.vscode\extensions\redhat.java-1.55.0-win32-x64\jre\21.0.11-win32-x86_64\bin\jimage.dll
Event: 0.086 Loaded shared library c:\Users\aluno\.vscode\extensions\redhat.java-1.55.0-win32-x64\jre\21.0.11-win32-x86_64\bin\verify.dll
Event: 0.586 Loaded shared library C:\Users\aluno\AppData\Roaming\Code\User\globalStorage\redhat.java\1.55.0\config_win\org.eclipse.equinox.launcher\org.eclipse.equinox.launcher.win32.win32.x86_64_1.3.100.v20260613-0559\eclipse_11924.dll
Event: 3.077 Loaded shared library C:\Users\aluno\AppData\Local\Temp\jna-62377163\jna3442293185620450661.dll
Event: 7.792 Loaded shared library C:\Users\aluno\.vscode\extensions\redhat.java-1.55.0-win32-x64\jre\21.0.11-win32-x86_64\bin\management.dll
Event: 7.814 Loaded shared library C:\Users\aluno\.vscode\extensions\redhat.java-1.55.0-win32-x64\jre\21.0.11-win32-x86_64\bin\management_ext.dll

Deoptimization events (20 events):
Event: 9.427 Thread 0x000002c5d7ca47d0 Uncommon trap: trap_request=0xffffff45 fr.pc=0x000002c58821da10 relative=0x0000000000000350
Event: 9.427 Thread 0x000002c5d7ca4e60 Uncommon trap: trap_request=0xffffff45 fr.pc=0x000002c58821da10 relative=0x0000000000000350
Event: 9.427 Thread 0x000002c5d7c9ebf0 Uncommon trap: trap_request=0xffffff45 fr.pc=0x000002c58821da10 relative=0x0000000000000350
Event: 9.427 Thread 0x000002c5d7ca4e60 Uncommon trap: reason=unstable_if action=reinterpret pc=0x000002c58821da10 method=java.util.Arrays.equals([BII[BII)Z @ 47 c2
Event: 9.427 Thread 0x000002c5d7ca47d0 Uncommon trap: reason=unstable_if action=reinterpret pc=0x000002c58821da10 method=java.util.Arrays.equals([BII[BII)Z @ 47 c2
Event: 9.427 Thread 0x000002c5d7ca2070 Uncommon trap: trap_request=0xffffff45 fr.pc=0x000002c58821da10 relative=0x0000000000000350
Event: 9.427 Thread 0x000002c5d7c9e560 Uncommon trap: trap_request=0xffffff45 fr.pc=0x000002c58821da10 relative=0x0000000000000350
Event: 9.427 Thread 0x000002c5d7c9ebf0 Uncommon trap: reason=unstable_if action=reinterpret pc=0x000002c58821da10 method=java.util.Arrays.equals([BII[BII)Z @ 47 c2
Event: 9.427 Thread 0x000002c5d7ca2070 Uncommon trap: reason=unstable_if action=reinterpret pc=0x000002c58821da10 method=java.util.Arrays.equals([BII[BII)Z @ 47 c2
Event: 9.427 Thread 0x000002c5d7c9e560 Uncommon trap: reason=unstable_if action=reinterpret pc=0x000002c58821da10 method=java.util.Arrays.equals([BII[BII)Z @ 47 c2
Event: 9.427 Thread 0x000002c5d7ca4e60 DEOPT PACKING pc=0x000002c58821da10 sp=0x000000de702ff0b0
Event: 9.427 Thread 0x000002c5d7ca47d0 DEOPT PACKING pc=0x000002c58821da10 sp=0x000000de701fec20
Event: 9.427 Thread 0x000002c5d7ca4e60 DEOPT UNPACKING pc=0x000002c5874a3aa2 sp=0x000000de702ff080 mode 2
Event: 9.427 Thread 0x000002c5d7ca47d0 DEOPT UNPACKING pc=0x000002c5874a3aa2 sp=0x000000de701febf0 mode 2
Event: 9.428 Thread 0x000002c5d7c9ebf0 DEOPT PACKING pc=0x000002c58821da10 sp=0x000000de707fea40
Event: 9.428 Thread 0x000002c5d7c9ebf0 DEOPT UNPACKING pc=0x000002c5874a3aa2 sp=0x000000de707fea10 mode 2
Event: 9.428 Thread 0x000002c5d7ca2070 DEOPT PACKING pc=0x000002c58821da10 sp=0x000000de6fffea10
Event: 9.428 Thread 0x000002c5d7ca2070 DEOPT UNPACKING pc=0x000002c5874a3aa2 sp=0x000000de6fffe9e0 mode 2
Event: 9.428 Thread 0x000002c5d7c9e560 DEOPT PACKING pc=0x000002c58821da10 sp=0x000000de704fed00
Event: 9.428 Thread 0x000002c5d7c9e560 DEOPT UNPACKING pc=0x000002c5874a3aa2 sp=0x000000de704fecd0 mode 2

Classes loaded (20 events):
Event: 7.971 Loading class jdk/internal/jimage/ImageReader$Node
Event: 7.971 Loading class jdk/internal/jimage/ImageReader$Node done
Event: 7.974 Loading class java/nio/ByteBufferAsIntBufferL
Event: 7.974 Loading class java/nio/ByteBufferAsIntBufferL done
Event: 7.976 Loading class jdk/internal/jimage/ImageReader$Directory
Event: 7.976 Loading class jdk/internal/jimage/ImageReader$Directory done
Event: 8.086 Loading class java/nio/channels/Channels$ReadableByteChannelImpl
Event: 8.086 Loading class java/nio/channels/Channels$ReadableByteChannelImpl done
Event: 8.087 Loading class java/nio/channels/NonWritableChannelException
Event: 8.087 Loading class java/nio/channels/NonWritableChannelException done
Event: 8.170 Loading class java/lang/invoke/MethodHandleImpl$CountingWrapper$1
Event: 8.170 Loading class java/lang/invoke/MethodHandleImpl$CountingWrapper$1 done
Event: 9.099 Loading class java/util/ImmutableCollections$SubList
Event: 9.100 Loading class java/util/ImmutableCollections$SubList done
Event: 9.113 Loading class java/nio/file/attribute/PosixFileAttributes
Event: 9.113 Loading class java/nio/file/attribute/PosixFileAttributes done
Event: 9.135 Loading class java/nio/file/attribute/PosixFileAttributeView
Event: 9.135 Loading class java/nio/file/attribute/PosixFileAttributeView done
Event: 9.169 Loading class java/nio/file/DirectoryIteratorException
Event: 9.169 Loading class java/nio/file/DirectoryIteratorException done

Classes unloaded (7 events):
Event: 3.273 Thread 0x000002c5fb092390 Unloading class 0x000002c5901aac00 'java/lang/invoke/LambdaForm$MH+0x000002c5901aac00'
Event: 3.273 Thread 0x000002c5fb092390 Unloading class 0x000002c5901aa800 'java/lang/invoke/LambdaForm$MH+0x000002c5901aa800'
Event: 3.273 Thread 0x000002c5fb092390 Unloading class 0x000002c5901aa400 'java/lang/invoke/LambdaForm$MH+0x000002c5901aa400'
Event: 3.273 Thread 0x000002c5fb092390 Unloading class 0x000002c5901aa000 'java/lang/invoke/LambdaForm$MH+0x000002c5901aa000'
Event: 3.273 Thread 0x000002c5fb092390 Unloading class 0x000002c5901a9c00 'java/lang/invoke/LambdaForm$BMH+0x000002c5901a9c00'
Event: 3.273 Thread 0x000002c5fb092390 Unloading class 0x000002c5901a9800 'java/lang/invoke/LambdaForm$DMH+0x000002c5901a9800'
Event: 3.273 Thread 0x000002c5fb092390 Unloading class 0x000002c5901a8400 'java/lang/invoke/LambdaForm$DMH+0x000002c5901a8400'

Classes redefined (0 events):
No events

Internal exceptions (20 events):
Event: 8.851 Thread 0x000002c5efbeaef0 Exception <a 'sun/nio/fs/WindowsException'{0x00000000d5eb9388}> (0x00000000d5eb9388) 
thrown [s\src\hotspot\share\prims\jni.cpp, line 520]
Event: 8.851 Thread 0x000002c5efbeaef0 Exception <a 'sun/nio/fs/WindowsException'{0x00000000d5eb9ca8}> (0x00000000d5eb9ca8) 
thrown [s\src\hotspot\share\prims\jni.cpp, line 520]
Event: 9.066 Thread 0x000002c5efbea860 Exception <a 'java/lang/NoSuchMethodError'{0x00000000d56c9530}: 'int java.lang.invoke.DirectMethodHandle$Holder.invokeStatic(java.lang.Object)'> (0x00000000d56c9530) 
thrown [s\src\hotspot\share\interpreter\linkResolver.cpp, line 773]
Event: 9.090 Thread 0x000002c5efbea860 Exception <a 'java/io/FileNotFoundException'{0x00000000d565b0c8}> (0x00000000d565b0c8) 
thrown [s\src\hotspot\share\prims\jni.cpp, line 520]
Event: 9.091 Thread 0x000002c5efbea860 Exception <a 'java/io/FileNotFoundException'{0x00000000d5a9dae0}> (0x00000000d5a9dae0) 
thrown [s\src\hotspot\share\prims\jni.cpp, line 520]
Event: 9.091 Thread 0x000002c5efbea860 Exception <a 'java/io/FileNotFoundException'{0x00000000d5a9eb30}> (0x00000000d5a9eb30) 
thrown [s\src\hotspot\share\prims\jni.cpp, line 520]
Event: 9.387 Thread 0x000002c5efbea860 Exception <a 'sun/nio/fs/WindowsException'{0x00000000d5b66160}> (0x00000000d5b66160) 
thrown [s\src\hotspot\share\prims\jni.cpp, line 520]
Event: 9.388 Thread 0x000002c5d43ac8b0 Exception <a 'sun/nio/fs/WindowsException'{0x00000000d5b73980}> (0x00000000d5b73980) 
thrown [s\src\hotspot\share\prims\jni.cpp, line 520]
Event: 9.389 Thread 0x000002c5d43ac8b0 Exception <a 'sun/nio/fs/WindowsException'{0x00000000d5b74a68}> (0x00000000d5b74a68) 
thrown [s\src\hotspot\share\prims\jni.cpp, line 520]
Event: 9.389 Thread 0x000002c5d43ab500 Exception <a 'sun/nio/fs/WindowsException'{0x00000000d5b92688}> (0x00000000d5b92688) 
thrown [s\src\hotspot\share\prims\jni.cpp, line 520]
Event: 9.390 Thread 0x000002c5d43acf40 Exception <a 'sun/nio/fs/WindowsException'{0x00000000d5bb15e0}> (0x00000000d5bb15e0) 
thrown [s\src\hotspot\share\prims\jni.cpp, line 520]
Event: 9.390 Thread 0x000002c5d43aae70 Exception <a 'sun/nio/fs/WindowsException'{0x00000000d5bd0288}> (0x00000000d5bd0288) 
thrown [s\src\hotspot\share\prims\jni.cpp, line 520]
Event: 9.391 Thread 0x000002c5d43abb90 Exception <a 'sun/nio/fs/WindowsException'{0x00000000d5c0db90}> (0x00000000d5c0db90) 
thrown [s\src\hotspot\share\prims\jni.cpp, line 520]
Event: 9.391 Thread 0x000002c5d43a9ac0 Exception <a 'sun/nio/fs/WindowsException'{0x00000000d5bef368}> (0x00000000d5bef368) 
thrown [s\src\hotspot\share\prims\jni.cpp, line 520]
Event: 9.391 Thread 0x000002c5d43ad5d0 Exception <a 'sun/nio/fs/WindowsException'{0x00000000d5c2c838}> (0x00000000d5c2c838) 
thrown [s\src\hotspot\share\prims\jni.cpp, line 520]
Event: 9.397 Thread 0x000002c5efbea860 Exception <a 'sun/nio/fs/WindowsException'{0x00000000d5de2518}> (0x00000000d5de2518) 
thrown [s\src\hotspot\share\prims\jni.cpp, line 520]
Event: 9.398 Thread 0x000002c5d43ab500 Exception <a 'sun/nio/fs/WindowsException'{0x00000000d5b95478}> (0x00000000d5b95478) 
thrown [s\src\hotspot\share\prims\jni.cpp, line 520]
Event: 9.398 Thread 0x000002c5d43abb90 Exception <a 'sun/nio/fs/WindowsException'{0x00000000d5c124f8}> (0x00000000d5c124f8) 
thrown [s\src\hotspot\share\prims\jni.cpp, line 520]
Event: 9.400 Thread 0x000002c5efbea860 Exception <a 'sun/nio/fs/WindowsException'{0x00000000d5df00e0}> (0x00000000d5df00e0) 
thrown [s\src\hotspot\share\prims\jni.cpp, line 520]
Event: 9.402 Thread 0x000002c5d7c9ffa0 Exception <a 'sun/nio/fs/WindowsException'{0x00000000d5d422c8}> (0x00000000d5d422c8) 
thrown [s\src\hotspot\share\prims\jni.cpp, line 520]

ZGC Phase Switch (0 events):
No events

VM Operations (20 events):
Event: 9.279 Executing safepoint VM operation: ParallelGCFailedAllocation (Allocation Failure)
Event: 9.280 Executing safepoint VM operation: ParallelGCFailedAllocation (Allocation Failure) done
Event: 9.291 Executing safepoint VM operation: ParallelGCFailedAllocation (Allocation Failure)
Event: 9.291 Executing safepoint VM operation: ParallelGCFailedAllocation (Allocation Failure) done
Event: 9.301 Executing safepoint VM operation: ParallelGCFailedAllocation (Allocation Failure)
Event: 9.302 Executing safepoint VM operation: ParallelGCFailedAllocation (Allocation Failure) done
Event: 9.311 Executing safepoint VM operation: ParallelGCFailedAllocation (Allocation Failure)
Event: 9.311 Executing safepoint VM operation: ParallelGCFailedAllocation (Allocation Failure) done
Event: 9.321 Executing safepoint VM operation: ParallelGCFailedAllocation (Allocation Failure)
Event: 9.322 Executing safepoint VM operation: ParallelGCFailedAllocation (Allocation Failure) done
Event: 9.336 Executing safepoint VM operation: ParallelGCFailedAllocation (Allocation Failure)
Event: 9.337 Executing safepoint VM operation: ParallelGCFailedAllocation (Allocation Failure) done
Event: 9.340 Executing non-safepoint VM operation: HandshakeAllThreads (Deoptimize)
Event: 9.340 Executing non-safepoint VM operation: HandshakeAllThreads (Deoptimize) done
Event: 9.348 Executing safepoint VM operation: ParallelGCFailedAllocation (Allocation Failure)
Event: 9.349 Executing safepoint VM operation: ParallelGCFailedAllocation (Allocation Failure) done
Event: 9.356 Executing safepoint VM operation: ParallelGCFailedAllocation (Allocation Failure)
Event: 9.357 Executing safepoint VM operation: ParallelGCFailedAllocation (Allocation Failure) done
Event: 9.367 Executing safepoint VM operation: ParallelGCFailedAllocation (Allocation Failure)
Event: 9.367 Executing safepoint VM operation: ParallelGCFailedAllocation (Allocation Failure) done

Memory protections (0 events):
No events

Nmethod flushes (20 events):
Event: 3.829 Thread 0x000002c5fb092390 flushing  nmethod 0x000002c5806a8610
Event: 3.829 Thread 0x000002c5fb092390 flushing  nmethod 0x000002c5806b1290
Event: 3.829 Thread 0x000002c5fb092390 flushing  nmethod 0x000002c5806e0590
Event: 3.829 Thread 0x000002c5fb092390 flushing  nmethod 0x000002c5806e0990
Event: 3.829 Thread 0x000002c5fb092390 flushing  nmethod 0x000002c5806e1290
Event: 3.829 Thread 0x000002c5fb092390 flushing  nmethod 0x000002c5806e2490
Event: 3.829 Thread 0x000002c5fb092390 flushing  nmethod 0x000002c5806e2c90
Event: 3.829 Thread 0x000002c5fb092390 flushing  nmethod 0x000002c5806e4990
Event: 3.829 Thread 0x000002c5fb092390 flushing  nmethod 0x000002c5806e5290
Event: 3.829 Thread 0x000002c5fb092390 flushing  nmethod 0x000002c5806e5790
Event: 3.829 Thread 0x000002c5fb092390 flushing  nmethod 0x000002c5806e5c10
Event: 3.829 Thread 0x000002c5fb092390 flushing  nmethod 0x000002c5806e6790
Event: 3.829 Thread 0x000002c5fb092390 flushing  nmethod 0x000002c5806e9110
Event: 3.829 Thread 0x000002c5fb092390 flushing  nmethod 0x000002c5806eab90
Event: 3.829 Thread 0x000002c5fb092390 flushing  nmethod 0x000002c580730590
Event: 3.829 Thread 0x000002c5fb092390 flushing  nmethod 0x000002c580736310
Event: 3.829 Thread 0x000002c5fb092390 flushing  nmethod 0x000002c580756890
Event: 3.829 Thread 0x000002c5fb092390 flushing  nmethod 0x000002c5807e6c90
Event: 3.829 Thread 0x000002c5fb092390 flushing  nmethod 0x000002c5807e7610
Event: 3.829 Thread 0x000002c5fb092390 flushing  nmethod 0x000002c58083d390

Events (20 events):
Event: 9.392 Thread 0x000002c5d43a7360 Thread added: 0x000002c5d7c9ffa0
Event: 9.392 Thread 0x000002c5d43abb90 Thread added: 0x000002c5d7ca19e0
Event: 9.392 Thread 0x000002c5d43aae70 Thread added: 0x000002c5d7ca0cc0
Event: 9.392 Thread 0x000002c5d43ad5d0 Thread added: 0x000002c5d7ca1350
Event: 9.392 Thread 0x000002c5d43aa7e0 Thread added: 0x000002c5d7ca2700
Event: 9.413 Thread 0x000002c5efbea860 Thread added: 0x000002c5d7ca2070
Event: 9.413 Thread 0x000002c5efbea860 Thread added: 0x000002c5d7ca3ab0
Event: 9.413 Thread 0x000002c5efbea860 Thread added: 0x000002c5d7ca47d0
Event: 9.414 Thread 0x000002c5efbea860 Thread added: 0x000002c5d7ca4e60
Event: 9.414 Thread 0x000002c5efbea860 Thread added: 0x000002c5d7ca54f0
Event: 9.414 Thread 0x000002c5efbea860 Thread added: 0x000002c5d7c9e560
Event: 9.414 Thread 0x000002c5efbea860 Thread added: 0x000002c5d7c9f280
Event: 9.414 Thread 0x000002c5efbea860 Thread added: 0x000002c5d7ca5b80
Event: 9.414 Thread 0x000002c5efbea860 Thread added: 0x000002c5d7c9ebf0
Event: 9.414 Thread 0x000002c5efbea860 Thread added: 0x000002c5db75d090
Event: 9.414 Thread 0x000002c5d7ca54f0 Thread added: 0x000002c5db75b650
Event: 9.414 Thread 0x000002c5d7c9ebf0 Thread added: 0x000002c5db75e440
Event: 9.414 Thread 0x000002c5d7ca2070 Thread added: 0x000002c5db75ead0
Event: 9.414 Thread 0x000002c5db75e440 Thread added: 0x000002c5db75ca00
Event: 9.414 Thread 0x000002c5d7ca3ab0 Thread added: 0x000002c5db75bce0


Dynamic libraries:
0x00007ff7781d0000 - 0x00007ff7781de000 	c:\Users\aluno\.vscode\extensions\redhat.java-1.55.0-win32-x64\jre\21.0.11-win32-x86_64\bin\java.exe
0x00007ff8ec8b0000 - 0x00007ff8ecaa8000 	C:\Windows\SYSTEM32\ntdll.dll
0x00007ff8ec6f0000 - 0x00007ff8ec7b2000 	C:\Windows\System32\KERNEL32.DLL
0x00007ff8ea4a0000 - 0x00007ff8ea796000 	C:\Windows\System32\KERNELBASE.dll
0x00007ff8ea3a0000 - 0x00007ff8ea4a0000 	C:\Windows\System32\ucrtbase.dll
0x00007ff8b5860000 - 0x00007ff8b587e000 	c:\Users\aluno\.vscode\extensions\redhat.java-1.55.0-win32-x64\jre\21.0.11-win32-x86_64\bin\VCRUNTIME140.dll
0x00007ff8b4b40000 - 0x00007ff8b4b58000 	c:\Users\aluno\.vscode\extensions\redhat.java-1.55.0-win32-x64\jre\21.0.11-win32-x86_64\bin\jli.dll
0x00007ff8eac20000 - 0x00007ff8eadc1000 	C:\Windows\System32\USER32.dll
0x00007ff8ea370000 - 0x00007ff8ea392000 	C:\Windows\System32\win32u.dll
0x00007ff8ea930000 - 0x00007ff8ea95b000 	C:\Windows\System32\GDI32.dll
0x00007ff8ea050000 - 0x00007ff8ea169000 	C:\Windows\System32\gdi32full.dll
0x00007ff8ea2d0000 - 0x00007ff8ea36d000 	C:\Windows\System32\msvcp_win.dll
0x00007ff8d0aa0000 - 0x00007ff8d0d3b000 	C:\Windows\WinSxS\amd64_microsoft.windows.common-controls_6595b64144ccf1df_6.0.19041.6456_none_60b8a6cb71f64256\COMCTL32.dll
0x00007ff8ec3f0000 - 0x00007ff8ec48e000 	C:\Windows\System32\msvcrt.dll
0x00007ff8ec2e0000 - 0x00007ff8ec30f000 	C:\Windows\System32\IMM32.DLL
0x00007ff8d3630000 - 0x00007ff8d363c000 	c:\Users\aluno\.vscode\extensions\redhat.java-1.55.0-win32-x64\jre\21.0.11-win32-x86_64\bin\vcruntime140_1.dll
0x00007ff89af50000 - 0x00007ff89afdd000 	c:\Users\aluno\.vscode\extensions\redhat.java-1.55.0-win32-x64\jre\21.0.11-win32-x86_64\bin\msvcp140.dll
0x00007ff837230000 - 0x00007ff837fd2000 	c:\Users\aluno\.vscode\extensions\redhat.java-1.55.0-win32-x64\jre\21.0.11-win32-x86_64\bin\server\jvm.dll
0x00007ff8eaae0000 - 0x00007ff8eab91000 	C:\Windows\System32\ADVAPI32.dll
0x00007ff8ec650000 - 0x00007ff8ec6ef000 	C:\Windows\System32\sechost.dll
0x00007ff8eaf40000 - 0x00007ff8eb060000 	C:\Windows\System32\RPCRT4.dll
0x00007ff8e9f40000 - 0x00007ff8e9f67000 	C:\Windows\System32\bcrypt.dll
0x00007ff8ec210000 - 0x00007ff8ec27b000 	C:\Windows\System32\WS2_32.dll
0x00007ff8e5b60000 - 0x00007ff8e5b6a000 	C:\Windows\SYSTEM32\VERSION.dll
0x00007ff8dee50000 - 0x00007ff8dee77000 	C:\Windows\SYSTEM32\WINMM.dll
0x00007ff8e94d0000 - 0x00007ff8e951b000 	C:\Windows\SYSTEM32\POWRPROF.dll
0x00007ff8e9340000 - 0x00007ff8e9352000 	C:\Windows\SYSTEM32\UMPDC.dll
0x00007ff8e8570000 - 0x00007ff8e8582000 	C:\Windows\SYSTEM32\kernel.appcore.dll
0x00007ff8d2e00000 - 0x00007ff8d2e0a000 	c:\Users\aluno\.vscode\extensions\redhat.java-1.55.0-win32-x64\jre\21.0.11-win32-x86_64\bin\jimage.dll
0x00007ff8e7a60000 - 0x00007ff8e7c61000 	C:\Windows\SYSTEM32\DBGHELP.DLL
0x00007ff8cdd90000 - 0x00007ff8cddc4000 	C:\Windows\SYSTEM32\dbgcore.DLL
0x00007ff8e9fc0000 - 0x00007ff8ea042000 	C:\Windows\System32\bcryptPrimitives.dll
0x00007ff8d21c0000 - 0x00007ff8d21cf000 	c:\Users\aluno\.vscode\extensions\redhat.java-1.55.0-win32-x64\jre\21.0.11-win32-x86_64\bin\instrument.dll
0x00007ff8b0d00000 - 0x00007ff8b0d20000 	c:\Users\aluno\.vscode\extensions\redhat.java-1.55.0-win32-x64\jre\21.0.11-win32-x86_64\bin\java.dll
0x00007ff8eb3c0000 - 0x00007ff8ebb30000 	C:\Windows\System32\SHELL32.dll
0x00007ff8e7c70000 - 0x00007ff8e8415000 	C:\Windows\SYSTEM32\windows.storage.dll
0x00007ff8eb060000 - 0x00007ff8eb3b4000 	C:\Windows\System32\combase.dll
0x00007ff8e9970000 - 0x00007ff8e999b000 	C:\Windows\SYSTEM32\Wldp.dll
0x00007ff8eaa10000 - 0x00007ff8eaadd000 	C:\Windows\System32\OLEAUT32.dll
0x00007ff8ec7c0000 - 0x00007ff8ec86d000 	C:\Windows\System32\SHCORE.dll
0x00007ff8ec390000 - 0x00007ff8ec3eb000 	C:\Windows\System32\shlwapi.dll
0x00007ff8e9e70000 - 0x00007ff8e9e94000 	C:\Windows\SYSTEM32\profapi.dll
0x00007ff8b0ce0000 - 0x00007ff8b0cf8000 	c:\Users\aluno\.vscode\extensions\redhat.java-1.55.0-win32-x64\jre\21.0.11-win32-x86_64\bin\zip.dll
0x00007ff8ba050000 - 0x00007ff8ba060000 	C:\Users\aluno\.vscode\extensions\redhat.java-1.55.0-win32-x64\jre\21.0.11-win32-x86_64\bin\net.dll
0x00007ff8e6170000 - 0x00007ff8e627a000 	C:\Windows\SYSTEM32\WINHTTP.dll
0x00007ff8e96d0000 - 0x00007ff8e973a000 	C:\Windows\system32\mswsock.dll
0x00007ff8a7b80000 - 0x00007ff8a7b96000 	C:\Users\aluno\.vscode\extensions\redhat.java-1.55.0-win32-x64\jre\21.0.11-win32-x86_64\bin\nio.dll
0x00007ff8b9e20000 - 0x00007ff8b9e30000 	c:\Users\aluno\.vscode\extensions\redhat.java-1.55.0-win32-x64\jre\21.0.11-win32-x86_64\bin\verify.dll
0x00007ff8b5980000 - 0x00007ff8b59c5000 	C:\Users\aluno\AppData\Roaming\Code\User\globalStorage\redhat.java\1.55.0\config_win\org.eclipse.equinox.launcher\org.eclipse.equinox.launcher.win32.win32.x86_64_1.3.100.v20260613-0559\eclipse_11924.dll
0x00007ff8ebfc0000 - 0x00007ff8ec0eb000 	C:\Windows\System32\ole32.dll
0x00007ff8e98c0000 - 0x00007ff8e98d8000 	C:\Windows\SYSTEM32\CRYPTSP.dll
0x00007ff8e8f80000 - 0x00007ff8e8fb8000 	C:\Windows\system32\rsaenh.dll
0x00007ff8e9df0000 - 0x00007ff8e9e1e000 	C:\Windows\SYSTEM32\USERENV.dll
0x00007ff8e98e0000 - 0x00007ff8e98ec000 	C:\Windows\SYSTEM32\CRYPTBASE.dll
0x00007ff8e9360000 - 0x00007ff8e939b000 	C:\Windows\SYSTEM32\IPHLPAPI.DLL
0x00007ff8ebfa0000 - 0x00007ff8ebfa8000 	C:\Windows\System32\NSI.dll
0x00007ff8b58e0000 - 0x00007ff8b5929000 	C:\Users\aluno\AppData\Local\Temp\jna-62377163\jna3442293185620450661.dll
0x00007ff8ec490000 - 0x00007ff8ec498000 	C:\Windows\System32\PSAPI.DLL
0x00007ff8e5f80000 - 0x00007ff8e5f97000 	C:\Windows\SYSTEM32\dhcpcsvc6.DLL
0x00007ff8e5ed0000 - 0x00007ff8e5eed000 	C:\Windows\SYSTEM32\dhcpcsvc.DLL
0x00007ff8e0cb0000 - 0x00007ff8e0cba000 	C:\Users\aluno\.vscode\extensions\redhat.java-1.55.0-win32-x64\jre\21.0.11-win32-x86_64\bin\management.dll
0x00007ff8d36c0000 - 0x00007ff8d36cc000 	C:\Users\aluno\.vscode\extensions\redhat.java-1.55.0-win32-x64\jre\21.0.11-win32-x86_64\bin\management_ext.dll

JVMTI agents:
c:\Users\aluno\.vscode\extensions\redhat.java-1.55.0-win32-x64\lombok\lombok-1.18.39-4050.jar path:c:\Users\aluno\.vscode\extensions\redhat.java-1.55.0-win32-x64\jre\21.0.11-win32-x86_64\bin\instrument.dll, loaded, initialized, instrumentlib options:none

dbghelp: loaded successfully - version: 4.0.5 - missing functions: none
symbol engine: initialized successfully - sym options: 0x614 - pdb path: .;c:\Users\aluno\.vscode\extensions\redhat.java-1.55.0-win32-x64\jre\21.0.11-win32-x86_64\bin;C:\Windows\SYSTEM32;C:\Windows\WinSxS\amd64_microsoft.windows.common-controls_6595b64144ccf1df_6.0.19041.6456_none_60b8a6cb71f64256;c:\Users\aluno\.vscode\extensions\redhat.java-1.55.0-win32-x64\jre\21.0.11-win32-x86_64\bin\server;C:\Users\aluno\AppData\Roaming\Code\User\globalStorage\redhat.java\1.55.0\config_win\org.eclipse.equinox.launcher\org.eclipse.equinox.launcher.win32.win32.x86_64_1.3.100.v20260613-0559;C:\Users\aluno\AppData\Local\Temp\jna-62377163

VM Arguments:
jvm_args: --add-modules=ALL-SYSTEM --add-opens=java.base/java.util=ALL-UNNAMED --add-opens=java.base/java.lang=ALL-UNNAMED --add-opens=java.base/sun.nio.fs=ALL-UNNAMED -Declipse.application=org.eclipse.jdt.ls.core.id1 -Dosgi.bundles.defaultStartLevel=4 -Declipse.product=org.eclipse.jdt.ls.core.product -Djava.import.generatesMetadataFilesAtProjectRoot=false -DDetectVMInstallationsJob.disabled=true -Dfile.encoding=utf8 -XX:+UseParallelGC -XX:GCTimeRatio=4 -XX:AdaptiveSizePolicyWeight=90 -Dsun.zip.disableMemoryMapping=true -Xmx2G -Xms100m -Xlog:disable -javaagent:c:\Users\aluno\.vscode\extensions\redhat.java-1.55.0-win32-x64\lombok\lombok-1.18.39-4050.jar -XX:+HeapDumpOnOutOfMemoryError -XX:HeapDumpPath=c:\Users\aluno\AppData\Roaming\Code\User\workspaceStorage\fc24d2cbf6b37a535bb6fbcc3e2eee63\redhat.java -Daether.dependencyCollector.impl=bf 
java_command: c:\Users\aluno\.vscode\extensions\redhat.java-1.55.0-win32-x64\server\plugins\org.eclipse.equinox.launcher_1.7.200.v20260619-2039.jar -configuration c:\Users\aluno\AppData\Roaming\Code\User\globalStorage\redhat.java\1.55.0\config_win -data c:\Users\aluno\AppData\Roaming\Code\User\workspaceStorage\fc24d2cbf6b37a535bb6fbcc3e2eee63\redhat.java\jdt_ws --pipe=\\.\pipe\lsp-f3821e8ec4756736019d519cf10c688c-sock
java_class_path (initial): c:\Users\aluno\.vscode\extensions\redhat.java-1.55.0-win32-x64\server\plugins\org.eclipse.equinox.launcher_1.7.200.v20260619-2039.jar
Launcher Type: SUN_STANDARD

[Global flags]
    uintx AdaptiveSizePolicyWeight                 = 90                                        {product} {command line}
     intx CICompilerCount                          = 12                                        {product} {ergonomic}
    uintx GCTimeRatio                              = 4                                         {product} {command line}
     bool HeapDumpOnOutOfMemoryError               = true                                   {manageable} {command line}
    ccstr HeapDumpPath                             = c:\Users\aluno\AppData\Roaming\Code\User\workspaceStorage\fc24d2cbf6b37a535bb6fbcc3e2eee63\redhat.java         {manageable} {command line}
   size_t InitialHeapSize                          = 104857600                                 {product} {command line}
   size_t MaxHeapSize                              = 2147483648                                {product} {command line}
   size_t MaxNewSize                               = 715653120                                 {product} {ergonomic}
   size_t MinHeapDeltaBytes                        = 524288                                    {product} {ergonomic}
   size_t MinHeapSize                              = 104857600                                 {product} {command line}
   size_t NewSize                                  = 34603008                                  {product} {ergonomic}
    uintx NonNMethodCodeHeapSize                   = 7602480                                {pd product} {ergonomic}
    uintx NonProfiledCodeHeapSize                  = 122027880                              {pd product} {ergonomic}
   size_t OldSize                                  = 70254592                                  {product} {ergonomic}
    uintx ProfiledCodeHeapSize                     = 122027880                              {pd product} {ergonomic}
    uintx ReservedCodeCacheSize                    = 251658240                              {pd product} {ergonomic}
     bool SegmentedCodeCache                       = true                                      {product} {ergonomic}
   size_t SoftMaxHeapSize                          = 2147483648                             {manageable} {ergonomic}
     bool UseCompressedOops                        = true                           {product lp64_product} {ergonomic}
     bool UseLargePagesIndividualAllocation        = false                                  {pd product} {ergonomic}
     bool UseParallelGC                            = true                                      {product} {command line}

Logging:
Log output configuration:
 #0: stdout all=off uptime,level,tags foldmultilines=false
 #1: stderr all=off uptime,level,tags foldmultilines=false

Release file:
JAVA_VERSION="21.0.11" 
MODULES="java.base java.compiler java.datatransfer java.xml java.prefs java.desktop java.instrument java.logging java.management java.security.sasl java.naming java.rmi java.management.rmi java.net.http java.scripting java.security.jgss java.transaction.xa java.sql java.sql.rowset java.xml.crypto java.se java.smartcardio jdk.accessibility jdk.internal.jvmstat jdk.attach jdk.charsets jdk.internal.opt jdk.zipfs jdk.compiler jdk.crypto.ec jdk.crypto.cryptoki jdk.crypto.mscapi jdk.dynalink jdk.internal.ed jdk.editpad jdk.hotspot.agent jdk.httpserver jdk.internal.le jdk.internal.vm.ci jdk.internal.vm.compiler jdk.internal.vm.compiler.management jdk.jartool jdk.javadoc jdk.jcmd jdk.management jdk.management.agent jdk.jconsole jdk.jdeps jdk.jdwp.agent jdk.jdi jdk.jfr jdk.jshell jdk.jsobject jdk.jstatd jdk.localedata jdk.management.jfr jdk.naming.dns jdk.naming.rmi jdk.net jdk.nio.mapmode jdk.random jdk.sctp jdk.security.auth jdk.security.jgss jdk.unsupported jdk.unsupported.desktop jdk.xml.dom" 

Environment Variables:
JAVA_HOME=C:\Users\aluno\Downloads\jdk-21.0.11
PATH=C:\Program Files\Python313\Scripts\;C:\Program Files\Python313\;C:\Program Files\Common Files\Siemens\Automation\Simatic OAM\bin;C:\Program Files (x86)\Common Files\Oracle\Java\javapath;C:\Windows\system32;C:\Windows;C:\Windows\System32\Wbem;C:\Windows\System32\WindowsPowerShell\v1.0\;C:\Windows\System32\OpenSSH\;C:\Program Files\dotnet\;C:\Program Files (x86)\Schneider Electric\Schneider Electric Software Installer\;C:\Program Files (x86)\Common Files\Schneider Electric Shared\DTM_AdvantysOTB\Bin;C:\Program Files\Git\cmd;C:\Program Files\nodejs\;C:\ProgramData\chocolatey\bin;C:\Program Files\Microsoft VS Code\bin;C:\Users\aluno\AppData\Local\Microsoft\WindowsApps;C:\Users\aluno\Downloads\apache-maven-3.9.15\bin;C:\Users\aluno\AppData\Local\Programs\Git LFS;C:\Users\aluno\Downloads\jdk-21.0.11\bin;
USERNAME=ALUNO
OS=Windows_NT
PROCESSOR_IDENTIFIER=Intel64 Family 6 Model 191 Stepping 2, GenuineIntel
TMP=C:\Users\aluno\AppData\Local\Temp
TEMP=C:\Users\aluno\AppData\Local\Temp




Periodic native trim disabled

---------------  S Y S T E M  ---------------

OS:
 Windows 10 , 64 bit Build 19041 (10.0.19041.5915)
OS uptime: 0 days 2:09 hours

CPU: total 20 (initial active 20) (10 cores per cpu, 2 threads per core) family 6 model 191 stepping 2 microcode 0x3a, cx8, cmov, fxsr, ht, mmx, 3dnowpref, sse, sse2, sse3, ssse3, sse4.1, sse4.2, popcnt, lzcnt, tsc, tscinvbit, avx, avx2, aes, erms, clmul, bmi1, bmi2, adx, sha, fma, vzeroupper, clflush, clflushopt, clwb, serialize, rdtscp, rdpid, fsrm, f16c, pku, cet_ibt, cet_ss
Processor Information for the first 20 processors :
  Max Mhz: 2500, Current Mhz: 2500, Mhz Limit: 2500

Memory: 4k page, system-wide physical 16072M (3866M free)
TotalPageFile size 18800M (AvailPageFile size 15M)
current process WorkingSet (physical memory assigned to process): 351M, peak: 356M
current process commit charge ("private bytes"): 451M, peak: 454M

vm_info: OpenJDK 64-Bit Server VM (21.0.11+10-LTS) for windows-amd64 JRE (21.0.11+10-LTS), built on 2026-04-21T00:00:00Z by "admin" with MS VC++ 17.12 (VS2022)

END.
