#
# There is insufficient memory for the Java Runtime Environment to continue.
# Native memory allocation (malloc) failed to allocate 1079856 bytes. Error detail: Chunk::new
# Possible reasons:
#   The system is out of physical RAM or swap space
#   This process is running with CompressedOops enabled, and the Java Heap may be blocking the growth of the native heap
# Possible solutions:
#   Reduce memory load on the system
#   Increase physical memory or swap space
#   Check if swap backing store is full
#   Decrease Java heap size (-Xmx/-Xms)
#   Decrease number of Java threads
#   Decrease Java thread stack sizes (-Xss)
#   Set larger code cache with -XX:ReservedCodeCacheSize=
#   JVM is running with Unscaled Compressed Oops mode in which the Java heap is
#     placed in the first 4GB address space. The Java Heap base address is the
#     maximum limit for the native heap growth. Please use -XX:HeapBaseMinAddress
#     to set the Java Heap base and to place the Java Heap above 4GB virtual address.
# This output file may be truncated or incomplete.
#
#  Out of Memory Error (arena.cpp:168), pid=11260, tid=5664
#
# JRE version: OpenJDK Runtime Environment Temurin-21.0.11+10 (21.0.11+10) (build 21.0.11+10-LTS)
# Java VM: OpenJDK 64-Bit Server VM Temurin-21.0.11+10 (21.0.11+10-LTS, mixed mode, sharing, tiered, compressed oops, compressed class ptrs, parallel gc, windows-amd64)
# No core dump will be written. Minidumps are not enabled by default on client versions of Windows
#

---------------  S U M M A R Y ------------

Command Line: --add-modules=ALL-SYSTEM --add-opens=java.base/java.util=ALL-UNNAMED --add-opens=java.base/java.lang=ALL-UNNAMED --add-opens=java.base/sun.nio.fs=ALL-UNNAMED -Declipse.application=org.eclipse.jdt.ls.core.id1 -Dosgi.bundles.defaultStartLevel=4 -Declipse.product=org.eclipse.jdt.ls.core.product -Djava.import.generatesMetadataFilesAtProjectRoot=false -DDetectVMInstallationsJob.disabled=true -Dfile.encoding=utf8 -XX:+UseParallelGC -XX:GCTimeRatio=4 -XX:AdaptiveSizePolicyWeight=90 -Dsun.zip.disableMemoryMapping=true -Xmx2G -Xms100m -Xlog:disable -javaagent:c:\Users\aluno\.vscode\extensions\redhat.java-1.55.0-win32-x64\lombok\lombok-1.18.39-4050.jar -XX:+HeapDumpOnOutOfMemoryError -XX:HeapDumpPath=c:\Users\aluno\AppData\Roaming\Code\User\workspaceStorage\fc24d2cbf6b37a535bb6fbcc3e2eee63\redhat.java -Daether.dependencyCollector.impl=bf c:\Users\aluno\.vscode\extensions\redhat.java-1.55.0-win32-x64\server\plugins\org.eclipse.equinox.launcher_1.7.200.v20260619-2039.jar -configuration c:\Users\aluno\AppData\Roaming\Code\User\globalStorage\redhat.java\1.55.0\config_win -data c:\Users\aluno\AppData\Roaming\Code\User\workspaceStorage\fc24d2cbf6b37a535bb6fbcc3e2eee63\redhat.java\jdt_ws --pipe=\\.\pipe\lsp-16bf8b345de891e948383424bc1f745b-sock

Host: 13th Gen Intel(R) Core(TM) i5-13500, 20 cores, 15G,  Windows 10 , 64 bit Build 19041 (10.0.19041.5915)
Time: Wed Jul  8 16:16:30 2026 Hora oficial do Brasil elapsed time: 9.309952 seconds (0d 0h 0m 9s)

---------------  T H R E A D  ---------------

Current thread (0x0000011776b4e720):  JavaThread "C2 CompilerThread0" daemon [_thread_in_native, id=5664, stack(0x0000000656400000,0x0000000656500000) (1024K)]


Current CompileTask:
C2:9310 4898       4       org.eclipse.osgi.internal.serviceregistry.ServiceRegistry::notifyHooksPrivileged (57 bytes)

Stack: [0x0000000656400000,0x0000000656500000]
Native frames: (J=compiled Java code, j=interpreted, Vv=VM code, C=native code)
V  [jvm.dll+0x6d7e19]
V  [jvm.dll+0x8b5096]
V  [jvm.dll+0x8b764e]
V  [jvm.dll+0x8b7d33]
V  [jvm.dll+0x284596]
V  [jvm.dll+0xc685d]
V  [jvm.dll+0xc6da1]
V  [jvm.dll+0x3bed31]
V  [jvm.dll+0x38b2b2]
V  [jvm.dll+0x38a6fa]
V  [jvm.dll+0x24c700]
V  [jvm.dll+0x24bce0]
V  [jvm.dll+0x1cb4ae]
V  [jvm.dll+0x25baad]
V  [jvm.dll+0x25a03a]
V  [jvm.dll+0x3f868e]
V  [jvm.dll+0x85fb0d]
V  [jvm.dll+0x6d664d]
C  [ucrtbase.dll+0x21bb2]
C  [KERNEL32.DLL+0x17374]
C  [ntdll.dll+0x4cc91]


---------------  P R O C E S S  ---------------

Threads class SMR info:
_java_thread_list=0x000001177de52d90, length=56, elements={
0x000001175c6aa9c0, 0x000001175eb03ec0, 0x000001175eb05510, 0x000001175eb08b70,
0x000001175eb09a50, 0x000001175eb0c510, 0x0000011776b4c130, 0x0000011776b4e720,
0x0000011776b4fe20, 0x0000011776c4e6b0, 0x0000011776c4ed60, 0x0000011776e6f1e0,
0x000001177886ffb0, 0x0000011778fb3630, 0x000001177d1caf00, 0x000001177d2c3c20,
0x000001177d2c7720, 0x000001177d752890, 0x000001177d1d5c40, 0x000001177d418510,
0x000001177d418bc0, 0x000001177d798e00, 0x000001177db4b880, 0x000001177db4bf10,
0x000001177db4b1f0, 0x000001177dbeb3d0, 0x000001177f3bc8a0, 0x000001177dbe91c0,
0x000001177f3b9420, 0x000001177f3bb4f0, 0x000001177f3ba140, 0x000001177f3bae60,
0x000001177f3bbb80, 0x000001177f3b9ab0, 0x000001177f3bc210, 0x000001177f3ba7d0,
0x000001174106a740, 0x00000117410672c0, 0x000001174106b460, 0x0000011741065f10,
0x0000011741068d00, 0x0000011741067fe0, 0x0000011741065880, 0x0000011741066c30,
0x00000117410644d0, 0x0000011741067950, 0x00000117410665a0, 0x0000011741069a20,
0x0000011741068670, 0x0000011741069390, 0x000001174106baf0, 0x000001174106a0b0,
0x000001177dbea630, 0x000001177dbebaa0, 0x000001177dbe9f60, 0x000001177dbec170
}

Java Threads: ( => current thread )
  0x000001175c6aa9c0 JavaThread "main"                              [_thread_in_vm, id=3308, stack(0x0000000655a00000,0x0000000655b00000) (1024K)]
  0x000001175eb03ec0 JavaThread "Reference Handler"          daemon [_thread_blocked, id=16912, stack(0x0000000655e00000,0x0000000655f00000) (1024K)]
  0x000001175eb05510 JavaThread "Finalizer"                  daemon [_thread_blocked, id=13588, stack(0x0000000655f00000,0x0000000656000000) (1024K)]
  0x000001175eb08b70 JavaThread "Signal Dispatcher"          daemon [_thread_blocked, id=9984, stack(0x0000000656000000,0x0000000656100000) (1024K)]
  0x000001175eb09a50 JavaThread "Attach Listener"            daemon [_thread_blocked, id=15816, stack(0x0000000656100000,0x0000000656200000) (1024K)]
  0x000001175eb0c510 JavaThread "Service Thread"             daemon [_thread_blocked, id=22340, stack(0x0000000656200000,0x0000000656300000) (1024K)]
  0x0000011776b4c130 JavaThread "Monitor Deflation Thread"   daemon [_thread_blocked, id=12456, stack(0x0000000656300000,0x0000000656400000) (1024K)]
=>0x0000011776b4e720 JavaThread "C2 CompilerThread0"         daemon [_thread_in_native, id=5664, stack(0x0000000656400000,0x0000000656500000) (1024K)]
  0x0000011776b4fe20 JavaThread "C1 CompilerThread0"         daemon [_thread_blocked, id=14696, stack(0x0000000656500000,0x0000000656600000) (1024K)]
  0x0000011776c4e6b0 JavaThread "C1 CompilerThread1"         daemon [_thread_blocked, id=24560, stack(0x0000000656600000,0x0000000656700000) (1024K)]
  0x0000011776c4ed60 JavaThread "C1 CompilerThread2"         daemon [_thread_blocked, id=2200, stack(0x0000000656700000,0x0000000656800000) (1024K)]
  0x0000011776e6f1e0 JavaThread "Common-Cleaner"             daemon [_thread_blocked, id=22032, stack(0x0000000656a00000,0x0000000656b00000) (1024K)]
  0x000001177886ffb0 JavaThread "Notification Thread"        daemon [_thread_blocked, id=22476, stack(0x0000000656b00000,0x0000000656c00000) (1024K)]
  0x0000011778fb3630 JavaThread "Active Thread: Equinox Container: 5eb5d081-e007-44d3-ae0b-e09e655dcdf4"        [_thread_blocked, id=19628, stack(0x0000000657400000,0x0000000657500000) (1024K)]
  0x000001177d1caf00 JavaThread "Refresh Thread: Equinox Container: 5eb5d081-e007-44d3-ae0b-e09e655dcdf4" daemon [_thread_blocked, id=2480, stack(0x0000000656900000,0x0000000656a00000) (1024K)]
  0x000001177d2c3c20 JavaThread "Framework Event Dispatcher: Equinox Container: 5eb5d081-e007-44d3-ae0b-e09e655dcdf4" daemon [_thread_blocked, id=12580, stack(0x0000000656c00000,0x0000000656d00000) (1024K)]
  0x000001177d2c7720 JavaThread "Start Level: Equinox Container: 5eb5d081-e007-44d3-ae0b-e09e655dcdf4" daemon [_thread_blocked, id=8556, stack(0x0000000657300000,0x0000000657400000) (1024K)]
  0x000001177d752890 JavaThread "Bundle File Closer"         daemon [_thread_blocked, id=5852, stack(0x0000000657900000,0x0000000657a00000) (1024K)]
  0x000001177d1d5c40 JavaThread "SCR Component Actor"        daemon [_thread_blocked, id=10824, stack(0x0000000657800000,0x0000000657900000) (1024K)]
  0x000001177d418510 JavaThread "C2 CompilerThread1"         daemon [_thread_in_native, id=20780, stack(0x0000000657a00000,0x0000000657b00000) (1024K)]
  0x000001177d418bc0 JavaThread "C2 CompilerThread2"         daemon [_thread_in_native, id=8148, stack(0x0000000657b00000,0x0000000657c00000) (1024K)]
  0x000001177d798e00 JavaThread "Worker-JM"                         [_thread_blocked, id=26628, stack(0x0000000657c00000,0x0000000657d00000) (1024K)]
  0x000001177db4b880 JavaThread "JNA Cleaner"                daemon [_thread_blocked, id=7492, stack(0x0000000657f00000,0x0000000658000000) (1024K)]
  0x000001177db4bf10 JavaThread "Worker-0"                          [_thread_blocked, id=14324, stack(0x0000000658000000,0x0000000658100000) (1024K)]
  0x000001177db4b1f0 JavaThread "Worker-1: Initialize After Load"        [_thread_in_vm, id=27584, stack(0x0000000658100000,0x0000000658200000) (1024K)]
  0x000001177dbeb3d0 JavaThread "C1 CompilerThread3"         daemon [_thread_blocked, id=15168, stack(0x0000000658400000,0x0000000658500000) (1024K)]
  0x000001177f3bc8a0 JavaThread "Java indexing"              daemon [_thread_blocked, id=6744, stack(0x0000000658500000,0x0000000658600000) (1024K)]
  0x000001177dbe91c0 JavaThread "C2 CompilerThread3"         daemon [_thread_in_native, id=19336, stack(0x0000000658600000,0x0000000658700000) (1024K)]
  0x000001177f3b9420 JavaThread "Worker-2"                          [_thread_blocked, id=14076, stack(0x0000000658900000,0x0000000658a00000) (1024K)]
  0x000001177f3bb4f0 JavaThread "Worker-3"                          [_thread_blocked, id=27028, stack(0x0000000658a00000,0x0000000658b00000) (1024K)]
  0x000001177f3ba140 JavaThread "Thread-1"                   daemon [_thread_in_native, id=21564, stack(0x0000000658b00000,0x0000000658c00000) (1024K)]
  0x000001177f3bae60 JavaThread "Thread-2"                   daemon [_thread_in_native, id=3440, stack(0x0000000658c00000,0x0000000658d00000) (1024K)]
  0x000001177f3bbb80 JavaThread "Thread-3"                   daemon [_thread_in_native, id=23160, stack(0x0000000658d00000,0x0000000658e00000) (1024K)]
  0x000001177f3b9ab0 JavaThread "Thread-4"                   daemon [_thread_in_native, id=17508, stack(0x0000000658e00000,0x0000000658f00000) (1024K)]
  0x000001177f3bc210 JavaThread "Thread-5"                   daemon [_thread_in_native, id=14700, stack(0x0000000658f00000,0x0000000659000000) (1024K)]
  0x000001177f3ba7d0 JavaThread "Thread-6"                   daemon [_thread_in_native, id=204, stack(0x0000000659000000,0x0000000659100000) (1024K)]
  0x000001174106a740 JavaThread "Thread-7"                   daemon [_thread_in_native, id=24856, stack(0x0000000659100000,0x0000000659200000) (1024K)]
  0x00000117410672c0 JavaThread "Thread-8"                   daemon [_thread_in_native, id=17720, stack(0x0000000659200000,0x0000000659300000) (1024K)]
  0x000001174106b460 JavaThread "Thread-9"                   daemon [_thread_in_native, id=10864, stack(0x0000000659300000,0x0000000659400000) (1024K)]
  0x0000011741065f10 JavaThread "Thread-10"                  daemon [_thread_in_native, id=25220, stack(0x0000000659400000,0x0000000659500000) (1024K)]
  0x0000011741068d00 JavaThread "Thread-11"                  daemon [_thread_in_native, id=4656, stack(0x0000000659500000,0x0000000659600000) (1024K)]
  0x0000011741067fe0 JavaThread "Thread-12"                  daemon [_thread_in_native, id=2912, stack(0x0000000659600000,0x0000000659700000) (1024K)]
  0x0000011741065880 JavaThread "Thread-13"                  daemon [_thread_in_native, id=3032, stack(0x0000000659700000,0x0000000659800000) (1024K)]
  0x0000011741066c30 JavaThread "Thread-14"                  daemon [_thread_in_native, id=20924, stack(0x0000000659800000,0x0000000659900000) (1024K)]
  0x00000117410644d0 JavaThread "Thread-15"                  daemon [_thread_in_native, id=11628, stack(0x0000000659900000,0x0000000659a00000) (1024K)]
  0x0000011741067950 JavaThread "Thread-16"                  daemon [_thread_in_native, id=7084, stack(0x0000000659a00000,0x0000000659b00000) (1024K)]
  0x00000117410665a0 JavaThread "Thread-17"                  daemon [_thread_in_native, id=11160, stack(0x0000000659b00000,0x0000000659c00000) (1024K)]
  0x0000011741069a20 JavaThread "Thread-18"                  daemon [_thread_in_native, id=24532, stack(0x0000000659c00000,0x0000000659d00000) (1024K)]
  0x0000011741068670 JavaThread "Thread-19"                  daemon [_thread_in_native, id=10592, stack(0x0000000659d00000,0x0000000659e00000) (1024K)]
  0x0000011741069390 JavaThread "Thread-20"                  daemon [_thread_in_native, id=14372, stack(0x0000000659e00000,0x0000000659f00000) (1024K)]
  0x000001174106baf0 JavaThread "Thread-21"                  daemon [_thread_in_native, id=3252, stack(0x0000000659f00000,0x000000065a000000) (1024K)]
  0x000001174106a0b0 JavaThread "pool-2-thread-1"                   [_thread_blocked, id=14600, stack(0x000000065a000000,0x000000065a100000) (1024K)]
  0x000001177dbea630 JavaThread "C2 CompilerThread4"         daemon [_thread_in_native, id=22448, stack(0x000000065a100000,0x000000065a200000) (1024K)]
  0x000001177dbebaa0 JavaThread "C2 CompilerThread5"         daemon [_thread_in_native, id=23688, stack(0x000000065a200000,0x000000065a300000) (1024K)]
  0x000001177dbe9f60 JavaThread "C2 CompilerThread6"         daemon [_thread_in_native, id=24148, stack(0x000000065a300000,0x000000065a400000) (1024K)]
  0x000001177dbec170 JavaThread "C2 CompilerThread7"         daemon [_thread_in_native, id=1400, stack(0x000000065a400000,0x000000065a500000) (1024K)]
Total: 56

Other Threads:
  0x000001175eaf4100 VMThread "VM Thread"                           [id=26996, stack(0x0000000655d00000,0x0000000655e00000) (1024K)]
  0x000001175ebbc3d0 WatcherThread "VM Periodic Task Thread"        [id=9228, stack(0x0000000655c00000,0x0000000655d00000) (1024K)]
  0x000001175eb70b80 WorkerThread "GC Thread#0"                     [id=16532, stack(0x0000000655b00000,0x0000000655c00000) (1024K)]
  0x000001177d2dffa0 WorkerThread "GC Thread#1"                     [id=13844, stack(0x0000000656d00000,0x0000000656e00000) (1024K)]
  0x000001177d0ca7f0 WorkerThread "GC Thread#2"                     [id=7308, stack(0x0000000656e00000,0x0000000656f00000) (1024K)]
  0x000001177d2e0350 WorkerThread "GC Thread#3"                     [id=5068, stack(0x0000000656f00000,0x0000000657000000) (1024K)]
  0x000001177d3afd80 WorkerThread "GC Thread#4"                     [id=26864, stack(0x0000000657000000,0x0000000657100000) (1024K)]
  0x000001177d0dccc0 WorkerThread "GC Thread#5"                     [id=22204, stack(0x0000000657100000,0x0000000657200000) (1024K)]
  0x0000011778a92170 WorkerThread "GC Thread#6"                     [id=20336, stack(0x0000000657200000,0x0000000657300000) (1024K)]
  0x000001177d391fe0 WorkerThread "GC Thread#7"                     [id=18020, stack(0x0000000657500000,0x0000000657600000) (1024K)]
  0x000001177d23e0e0 WorkerThread "GC Thread#8"                     [id=24808, stack(0x0000000656800000,0x0000000656900000) (1024K)]
  0x000001177d40aec0 WorkerThread "GC Thread#9"                     [id=24776, stack(0x0000000657600000,0x0000000657700000) (1024K)]
  0x000001177d40ba80 WorkerThread "GC Thread#10"                    [id=24816, stack(0x0000000657700000,0x0000000657800000) (1024K)]
  0x000001177dbdfe80 WorkerThread "GC Thread#11"                    [id=21032, stack(0x0000000657d00000,0x0000000657e00000) (1024K)]
  0x000001177dbdf720 WorkerThread "GC Thread#12"                    [id=24348, stack(0x0000000657e00000,0x0000000657f00000) (1024K)]
  0x000001177dbdf370 WorkerThread "GC Thread#13"                    [id=23648, stack(0x0000000658200000,0x0000000658300000) (1024K)]
  0x000001177dbe05e0 WorkerThread "GC Thread#14"                    [id=13992, stack(0x0000000658300000,0x0000000658400000) (1024K)]
Total: 17

Threads with active compile tasks:
C2 CompilerThread0  9335 4898       4       org.eclipse.osgi.internal.serviceregistry.ServiceRegistry::notifyHooksPrivileged (57 bytes)
C2 CompilerThread1  9335 4927   !   4       java.util.zip.ZipFile$ZipFileInputStream::close (59 bytes)
C2 CompilerThread2  9335 4984       4       com.google.gson.internal.bind.TypeAdapterRuntimeTypeWrapper::read (9 bytes)
C2 CompilerThread3  9335 4797       4       org.eclipse.osgi.internal.loader.BundleLoader::addExportedProvidersFor (167 bytes)
C2 CompilerThread4  9335 4985       4       com.google.gson.internal.bind.TypeAdapters$16::read (6 bytes)
C2 CompilerThread5  9335 4996       4       com.google.gson.stream.JsonReader::nextString (168 bytes)
C2 CompilerThread6  9335 4950   !   4       org.eclipse.osgi.internal.loader.classpath.ClasspathManager::findLocalClass (210 bytes)
C2 CompilerThread7  9335 4986       4       com.google.gson.internal.bind.TypeAdapters$16::read (38 bytes)
Total: 8

VM state: not at safepoint (normal execution)

VM Mutex/Monitor currently owned by a thread:  ([mutex/lock_event])
[0x00007ff837eed4f0] Metaspace_lock - owner thread: 0x000001177db4b1f0

Heap address: 0x0000000080000000, size: 2048 MB, Compressed Oops mode: 32-bit

CDS archive(s) mapped at: [0x0000011700000000-0x0000011700ba0000-0x0000011700ba0000), size 12189696, SharedBaseAddress: 0x0000011700000000, ArchiveRelocationMode: 1.
Compressed class space mapped at: 0x0000011701000000-0x0000011741000000, reserved size: 1073741824
Narrow klass base: 0x0000011700000000, Narrow klass shift: 0, Narrow klass range: 0x100000000

GC Precious Log:
 CardTable entry size: 512
 CPUs: 20 total, 20 available
 Memory: 16072M
 Large Page Support: Disabled
 NUMA Support: Disabled
 Compressed Oops: Enabled (32-bit)
 Alignments: Space 512K, Generation 512K, Heap 2M
 Heap Min Capacity: 100M
 Heap Initial Capacity: 100M
 Heap Max Capacity: 2G
 Pre-touch: Disabled
 Parallel Workers: 15

Heap:
 PSYoungGen      total 25088K, used 3310K [0x00000000d5580000, 0x00000000d7400000, 0x0000000100000000)
  eden space 22528K, 4% used [0x00000000d5580000,0x00000000d567baa8,0x00000000d6b80000)
  from space 2560K, 90% used [0x00000000d7180000,0x00000000d73c0020,0x00000000d7400000)
  to   space 3072K, 0% used [0x00000000d6e00000,0x00000000d6e00000,0x00000000d7100000)
 ParOldGen       total 68608K, used 19011K [0x0000000080000000, 0x0000000084300000, 0x00000000d5580000)
  object space 68608K, 27% used [0x0000000080000000,0x0000000081290e90,0x0000000084300000)
 Metaspace       used 34059K, committed 35264K, reserved 1114112K
  class space    used 3461K, committed 3968K, reserved 1048576K

Card table byte_map: [0x000001175e500000,0x000001175e910000] _byte_map_base: 0x000001175e100000

Marking Bits: (ParMarkBitMap*) 0x00007ff837ef4460
 Begin Bits: [0x0000011771010000, 0x0000011773010000)
 End Bits:   [0x0000011773010000, 0x0000011775010000)

Polling page: 0x000001175c980000

Metaspace:

Usage:
  Non-class:     29.88 MB used.
      Class:      3.38 MB used.
       Both:     33.26 MB used.

Virtual space:
  Non-class space:       64.00 MB reserved,      30.56 MB ( 48%) committed,  1 nodes.
      Class space:        1.00 GB reserved,       3.88 MB ( <1%) committed,  1 nodes.
             Both:        1.06 GB reserved,      34.44 MB (  3%) committed. 

Chunk freelists:
   Non-Class:  1.37 MB
       Class:  12.06 MB
        Both:  13.43 MB

MaxMetaspaceSize: unlimited
CompressedClassSpaceSize: 1.00 GB
Initial GC threshold: 21.00 MB
Current GC threshold: 35.00 MB
CDS: on
 - commit_granule_bytes: 65536.
 - commit_granule_words: 8192.
 - virtual_space_node_default_size: 8388608.
 - enlarge_chunks_in_place: 1.
 - use_allocation_guard: 0.


Internal statistics:

num_allocs_failed_limit: 3.
num_arena_births: 896.
num_arena_deaths: 14.
num_vsnodes_births: 2.
num_vsnodes_deaths: 0.
num_space_committed: 551.
num_space_uncommitted: 0.
num_chunks_returned_to_freelist: 17.
num_chunks_taken_from_freelist: 2377.
num_chunk_merges: 6.
num_chunk_splits: 1491.
num_chunks_enlarged: 850.
num_inconsistent_stats: 0.

CodeHeap 'non-profiled nmethods': size=119168Kb used=2426Kb max_used=2426Kb free=116741Kb
 bounds [0x0000011769900000, 0x0000011769b70000, 0x0000011770d60000]
CodeHeap 'profiled nmethods': size=119104Kb used=10899Kb max_used=10899Kb free=108204Kb
 bounds [0x0000011761d60000, 0x0000011762810000, 0x00000117691b0000]
CodeHeap 'non-nmethods': size=7488Kb used=3043Kb max_used=3094Kb free=4444Kb
 bounds [0x00000117691b0000, 0x0000011769520000, 0x0000011769900000]
CodeCache: size=245760Kb, used=16368Kb, max_used=16419Kb, free=229389Kb
 total_blobs=5686, nmethods=5034, adapters=555, full_count=0
Compilation: enabled, stopped_count=0, restarted_count=0

Compilation events (20 events):
Event: 9.281 Thread 0x0000011776c4ed60 5033       3       java.io.File::<init> (111 bytes)
Event: 9.282 Thread 0x0000011776c4ed60 nmethod 5033 0x0000011762800510 code [0x00000117628007c0, 0x0000011762801218]
Event: 9.284 Thread 0x0000011776c4ed60 5034       3       java.lang.reflect.Method::getRoot (5 bytes)
Event: 9.284 Thread 0x0000011776c4ed60 nmethod 5034 0x0000011762801610 code [0x00000117628017a0, 0x00000117628018c0]
Event: 9.286 Thread 0x0000011776c4ed60 5035       3       java.lang.reflect.ProxyGenerator::dotToSlash (9 bytes)
Event: 9.286 Thread 0x0000011776c4ed60 nmethod 5035 0x0000011762801990 code [0x0000011762801b40, 0x0000011762801c70]
Event: 9.286 Thread 0x0000011776c4ed60 5036       1       sun.reflect.generics.tree.ClassTypeSignature::getPath (5 bytes)
Event: 9.286 Thread 0x0000011776c4e6b0 5037       1       sun.reflect.generics.tree.SimpleClassTypeSignature::getName (5 bytes)
Event: 9.286 Thread 0x000001177dbeb3d0 5038       1       sun.reflect.generics.tree.SimpleClassTypeSignature::getDollar (5 bytes)
Event: 9.287 Thread 0x0000011776c4ed60 nmethod 5036 0x0000011769b55f10 code [0x0000011769b560a0, 0x0000011769b56168]
Event: 9.287 Thread 0x000001177dbeb3d0 nmethod 5038 0x0000011769b56210 code [0x0000011769b563a0, 0x0000011769b56470]
Event: 9.287 Thread 0x0000011776c4e6b0 nmethod 5037 0x0000011769b56510 code [0x0000011769b566a0, 0x0000011769b56768]
Event: 9.287 Thread 0x0000011776b4fe20 5039       3       jdk.internal.org.objectweb.asm.Frame::merge (395 bytes)
Event: 9.288 Thread 0x0000011776b4fe20 nmethod 5039 0x0000011762801d10 code [0x0000011762801fc0, 0x0000011762802ca0]
Event: 9.291 Thread 0x0000011776b4fe20 5040   !   3       sun.nio.fs.WindowsPath::getPathForWin32Calls (147 bytes)
Event: 9.293 Thread 0x0000011776b4fe20 nmethod 5040 0x0000011762803310 code [0x00000117628035c0, 0x0000011762804428]
Event: 9.293 Thread 0x0000011776c4ed60 5041       3       java.nio.file.Files::provider (10 bytes)
Event: 9.293 Thread 0x0000011776c4ed60 nmethod 5041 0x0000011762804890 code [0x0000011762804a40, 0x0000011762804c18]
Event: 9.300 Thread 0x0000011776c4ed60 5043       1       ch.qos.logback.classic.Logger::getName (5 bytes)
Event: 9.300 Thread 0x0000011776c4ed60 nmethod 5043 0x0000011769b56b10 code [0x0000011769b56ca0, 0x0000011769b56d68]

GC Heap History (20 events):
Event: 8.093 GC heap before
{Heap before GC invocations=4 (full 0):
 PSYoungGen      total 29696K, used 29669K [0x00000000d5580000, 0x00000000d7680000, 0x0000000100000000)
  eden space 25600K, 100% used [0x00000000d5580000,0x00000000d6e80000,0x00000000d6e80000)
  from space 4096K, 99% used [0x00000000d6e80000,0x00000000d72796a0,0x00000000d7280000)
  to   space 4096K, 0% used [0x00000000d7280000,0x00000000d7280000,0x00000000d7680000)
 ParOldGen       total 68608K, used 4164K [0x0000000080000000, 0x0000000084300000, 0x00000000d5580000)
  object space 68608K, 6% used [0x0000000080000000,0x0000000080411370,0x0000000084300000)
 Metaspace       used 11275K, committed 11648K, reserved 1114112K
  class space    used 1185K, committed 1344K, reserved 1048576K
}
Event: 8.095 GC heap after
{Heap after GC invocations=4 (full 0):
 PSYoungGen      total 29696K, used 4090K [0x00000000d5580000, 0x00000000d7680000, 0x0000000100000000)
  eden space 25600K, 0% used [0x00000000d5580000,0x00000000d5580000,0x00000000d6e80000)
  from space 4096K, 99% used [0x00000000d7280000,0x00000000d767ea28,0x00000000d7680000)
  to   space 4096K, 0% used [0x00000000d6e80000,0x00000000d6e80000,0x00000000d7280000)
 ParOldGen       total 68608K, used 6628K [0x0000000080000000, 0x0000000084300000, 0x00000000d5580000)
  object space 68608K, 9% used [0x0000000080000000,0x00000000806791e0,0x0000000084300000)
 Metaspace       used 11275K, committed 11648K, reserved 1114112K
  class space    used 1185K, committed 1344K, reserved 1048576K
}
Event: 8.300 GC heap before
{Heap before GC invocations=5 (full 0):
 PSYoungGen      total 29696K, used 29690K [0x00000000d5580000, 0x00000000d7680000, 0x0000000100000000)
  eden space 25600K, 100% used [0x00000000d5580000,0x00000000d6e80000,0x00000000d6e80000)
  from space 4096K, 99% used [0x00000000d7280000,0x00000000d767ea28,0x00000000d7680000)
  to   space 4096K, 0% used [0x00000000d6e80000,0x00000000d6e80000,0x00000000d7280000)
 ParOldGen       total 68608K, used 6628K [0x0000000080000000, 0x0000000084300000, 0x00000000d5580000)
  object space 68608K, 9% used [0x0000000080000000,0x00000000806791e0,0x0000000084300000)
 Metaspace       used 15233K, committed 15808K, reserved 1114112K
  class space    used 1567K, committed 1792K, reserved 1048576K
}
Event: 8.302 GC heap after
{Heap after GC invocations=5 (full 0):
 PSYoungGen      total 29184K, used 4067K [0x00000000d5580000, 0x00000000d7a00000, 0x0000000100000000)
  eden space 25088K, 0% used [0x00000000d5580000,0x00000000d5580000,0x00000000d6e00000)
  from space 4096K, 99% used [0x00000000d6e80000,0x00000000d7278f40,0x00000000d7280000)
  to   space 6144K, 0% used [0x00000000d7400000,0x00000000d7400000,0x00000000d7a00000)
 ParOldGen       total 68608K, used 7716K [0x0000000080000000, 0x0000000084300000, 0x00000000d5580000)
  object space 68608K, 11% used [0x0000000080000000,0x0000000080789268,0x0000000084300000)
 Metaspace       used 15233K, committed 15808K, reserved 1114112K
  class space    used 1567K, committed 1792K, reserved 1048576K
}
Event: 8.531 GC heap before
{Heap before GC invocations=6 (full 0):
 PSYoungGen      total 29184K, used 29155K [0x00000000d5580000, 0x00000000d7a00000, 0x0000000100000000)
  eden space 25088K, 100% used [0x00000000d5580000,0x00000000d6e00000,0x00000000d6e00000)
  from space 4096K, 99% used [0x00000000d6e80000,0x00000000d7278f40,0x00000000d7280000)
  to   space 6144K, 0% used [0x00000000d7400000,0x00000000d7400000,0x00000000d7a00000)
 ParOldGen       total 68608K, used 7716K [0x0000000080000000, 0x0000000084300000, 0x00000000d5580000)
  object space 68608K, 11% used [0x0000000080000000,0x0000000080789268,0x0000000084300000)
 Metaspace       used 18650K, committed 19392K, reserved 1114112K
  class space    used 1951K, committed 2240K, reserved 1048576K
}
Event: 8.533 GC heap after
{Heap after GC invocations=6 (full 0):
 PSYoungGen      total 29696K, used 5084K [0x00000000d5580000, 0x00000000d7900000, 0x0000000100000000)
  eden space 24576K, 0% used [0x00000000d5580000,0x00000000d5580000,0x00000000d6d80000)
  from space 5120K, 99% used [0x00000000d7400000,0x00000000d78f72f8,0x00000000d7900000)
  to   space 5632K, 0% used [0x00000000d6e00000,0x00000000d6e00000,0x00000000d7380000)
 ParOldGen       total 68608K, used 7724K [0x0000000080000000, 0x0000000084300000, 0x00000000d5580000)
  object space 68608K, 11% used [0x0000000080000000,0x000000008078b268,0x0000000084300000)
 Metaspace       used 18650K, committed 19392K, reserved 1114112K
  class space    used 1951K, committed 2240K, reserved 1048576K
}
Event: 8.637 GC heap before
{Heap before GC invocations=7 (full 0):
 PSYoungGen      total 29696K, used 25976K [0x00000000d5580000, 0x00000000d7900000, 0x0000000100000000)
  eden space 24576K, 85% used [0x00000000d5580000,0x00000000d69e6da0,0x00000000d6d80000)
  from space 5120K, 99% used [0x00000000d7400000,0x00000000d78f72f8,0x00000000d7900000)
  to   space 5632K, 0% used [0x00000000d6e00000,0x00000000d6e00000,0x00000000d7380000)
 ParOldGen       total 68608K, used 7724K [0x0000000080000000, 0x0000000084300000, 0x00000000d5580000)
  object space 68608K, 11% used [0x0000000080000000,0x000000008078b268,0x0000000084300000)
 Metaspace       used 20660K, committed 21504K, reserved 1114112K
  class space    used 2189K, committed 2560K, reserved 1048576K
}
Event: 8.639 GC heap after
{Heap after GC invocations=7 (full 0):
 PSYoungGen      total 29184K, used 4181K [0x00000000d5580000, 0x00000000d7680000, 0x0000000100000000)
  eden space 24576K, 0% used [0x00000000d5580000,0x00000000d5580000,0x00000000d6d80000)
  from space 4608K, 90% used [0x00000000d6e00000,0x00000000d7215438,0x00000000d7280000)
  to   space 4096K, 0% used [0x00000000d7280000,0x00000000d7280000,0x00000000d7680000)
 ParOldGen       total 68608K, used 9193K [0x0000000080000000, 0x0000000084300000, 0x00000000d5580000)
  object space 68608K, 13% used [0x0000000080000000,0x00000000808fa560,0x0000000084300000)
 Metaspace       used 20660K, committed 21504K, reserved 1114112K
  class space    used 2189K, committed 2560K, reserved 1048576K
}
Event: 8.639 GC heap before
{Heap before GC invocations=8 (full 1):
 PSYoungGen      total 29184K, used 4181K [0x00000000d5580000, 0x00000000d7680000, 0x0000000100000000)
  eden space 24576K, 0% used [0x00000000d5580000,0x00000000d5580000,0x00000000d6d80000)
  from space 4608K, 90% used [0x00000000d6e00000,0x00000000d7215438,0x00000000d7280000)
  to   space 4096K, 0% used [0x00000000d7280000,0x00000000d7280000,0x00000000d7680000)
 ParOldGen       total 68608K, used 9193K [0x0000000080000000, 0x0000000084300000, 0x00000000d5580000)
  object space 68608K, 13% used [0x0000000080000000,0x00000000808fa560,0x0000000084300000)
 Metaspace       used 20660K, committed 21504K, reserved 1114112K
  class space    used 2189K, committed 2560K, reserved 1048576K
}
Event: 8.658 GC heap after
{Heap after GC invocations=8 (full 1):
 PSYoungGen      total 29184K, used 0K [0x00000000d5580000, 0x00000000d7680000, 0x0000000100000000)
  eden space 24576K, 0% used [0x00000000d5580000,0x00000000d5580000,0x00000000d6d80000)
  from space 4608K, 0% used [0x00000000d6e00000,0x00000000d6e00000,0x00000000d7280000)
  to   space 4096K, 0% used [0x00000000d7280000,0x00000000d7280000,0x00000000d7680000)
 ParOldGen       total 68608K, used 12793K [0x0000000080000000, 0x0000000084300000, 0x00000000d5580000)
  object space 68608K, 18% used [0x0000000080000000,0x0000000080c7e6d0,0x0000000084300000)
 Metaspace       used 20648K, committed 21504K, reserved 1114112K
  class space    used 2185K, committed 2560K, reserved 1048576K
}
Event: 8.765 GC heap before
{Heap before GC invocations=9 (full 1):
 PSYoungGen      total 29184K, used 24576K [0x00000000d5580000, 0x00000000d7680000, 0x0000000100000000)
  eden space 24576K, 100% used [0x00000000d5580000,0x00000000d6d80000,0x00000000d6d80000)
  from space 4608K, 0% used [0x00000000d6e00000,0x00000000d6e00000,0x00000000d7280000)
  to   space 4096K, 0% used [0x00000000d7280000,0x00000000d7280000,0x00000000d7680000)
 ParOldGen       total 68608K, used 12793K [0x0000000080000000, 0x0000000084300000, 0x00000000d5580000)
  object space 68608K, 18% used [0x0000000080000000,0x0000000080c7e6d0,0x0000000084300000)
 Metaspace       used 22785K, committed 23808K, reserved 1114112K
  class space    used 2387K, committed 2816K, reserved 1048576K
}
Event: 8.766 GC heap after
{Heap after GC invocations=9 (full 1):
 PSYoungGen      total 27136K, used 2648K [0x00000000d5580000, 0x00000000d7580000, 0x0000000100000000)
  eden space 24064K, 0% used [0x00000000d5580000,0x00000000d5580000,0x00000000d6d00000)
  from space 3072K, 86% used [0x00000000d7280000,0x00000000d7516228,0x00000000d7580000)
  to   space 3584K, 0% used [0x00000000d6e80000,0x00000000d6e80000,0x00000000d7200000)
 ParOldGen       total 68608K, used 12801K [0x0000000080000000, 0x0000000084300000, 0x00000000d5580000)
  object space 68608K, 18% used [0x0000000080000000,0x0000000080c806d0,0x0000000084300000)
 Metaspace       used 22785K, committed 23808K, reserved 1114112K
  class space    used 2387K, committed 2816K, reserved 1048576K
}
Event: 8.863 GC heap before
{Heap before GC invocations=10 (full 1):
 PSYoungGen      total 27136K, used 26712K [0x00000000d5580000, 0x00000000d7580000, 0x0000000100000000)
  eden space 24064K, 100% used [0x00000000d5580000,0x00000000d6d00000,0x00000000d6d00000)
  from space 3072K, 86% used [0x00000000d7280000,0x00000000d7516228,0x00000000d7580000)
  to   space 3584K, 0% used [0x00000000d6e80000,0x00000000d6e80000,0x00000000d7200000)
 ParOldGen       total 68608K, used 12801K [0x0000000080000000, 0x0000000084300000, 0x00000000d5580000)
  object space 68608K, 18% used [0x0000000080000000,0x0000000080c806d0,0x0000000084300000)
 Metaspace       used 26100K, committed 27136K, reserved 1114112K
  class space    used 2633K, committed 3072K, reserved 1048576K
}
Event: 8.864 GC heap after
{Heap after GC invocations=10 (full 1):
 PSYoungGen      total 27136K, used 3567K [0x00000000d5580000, 0x00000000d7480000, 0x0000000100000000)
  eden space 23552K, 0% used [0x00000000d5580000,0x00000000d5580000,0x00000000d6c80000)
  from space 3584K, 99% used [0x00000000d6e80000,0x00000000d71fbfd8,0x00000000d7200000)
  to   space 2560K, 0% used [0x00000000d7200000,0x00000000d7200000,0x00000000d7480000)
 ParOldGen       total 68608K, used 12881K [0x0000000080000000, 0x0000000084300000, 0x00000000d5580000)
  object space 68608K, 18% used [0x0000000080000000,0x0000000080c946d0,0x0000000084300000)
 Metaspace       used 26100K, committed 27136K, reserved 1114112K
  class space    used 2633K, committed 3072K, reserved 1048576K
}
Event: 8.979 GC heap before
{Heap before GC invocations=11 (full 1):
 PSYoungGen      total 27136K, used 27119K [0x00000000d5580000, 0x00000000d7480000, 0x0000000100000000)
  eden space 23552K, 100% used [0x00000000d5580000,0x00000000d6c80000,0x00000000d6c80000)
  from space 3584K, 99% used [0x00000000d6e80000,0x00000000d71fbfd8,0x00000000d7200000)
  to   space 2560K, 0% used [0x00000000d7200000,0x00000000d7200000,0x00000000d7480000)
 ParOldGen       total 68608K, used 12881K [0x0000000080000000, 0x0000000084300000, 0x00000000d5580000)
  object space 68608K, 18% used [0x0000000080000000,0x0000000080c946d0,0x0000000084300000)
 Metaspace       used 27811K, committed 28864K, reserved 1114112K
  class space    used 2745K, committed 3200K, reserved 1048576K
}
Event: 8.980 GC heap after
{Heap after GC invocations=11 (full 1):
 PSYoungGen      total 25088K, used 1851K [0x00000000d5580000, 0x00000000d7400000, 0x0000000100000000)
  eden space 23040K, 0% used [0x00000000d5580000,0x00000000d5580000,0x00000000d6c00000)
  from space 2048K, 90% used [0x00000000d7200000,0x00000000d73ceda0,0x00000000d7400000)
  to   space 2560K, 0% used [0x00000000d6f00000,0x00000000d6f00000,0x00000000d7180000)
 ParOldGen       total 68608K, used 14851K [0x0000000080000000, 0x0000000084300000, 0x00000000d5580000)
  object space 68608K, 21% used [0x0000000080000000,0x0000000080e80c00,0x0000000084300000)
 Metaspace       used 27811K, committed 28864K, reserved 1114112K
  class space    used 2745K, committed 3200K, reserved 1048576K
}
Event: 9.187 GC heap before
{Heap before GC invocations=12 (full 1):
 PSYoungGen      total 25088K, used 24891K [0x00000000d5580000, 0x00000000d7400000, 0x0000000100000000)
  eden space 23040K, 100% used [0x00000000d5580000,0x00000000d6c00000,0x00000000d6c00000)
  from space 2048K, 90% used [0x00000000d7200000,0x00000000d73ceda0,0x00000000d7400000)
  to   space 2560K, 0% used [0x00000000d6f00000,0x00000000d6f00000,0x00000000d7180000)
 ParOldGen       total 68608K, used 14852K [0x0000000080000000, 0x0000000084300000, 0x00000000d5580000)
  object space 68608K, 21% used [0x0000000080000000,0x0000000080e811a8,0x0000000084300000)
 Metaspace       used 31207K, committed 32384K, reserved 1114112K
  class space    used 3098K, committed 3584K, reserved 1048576K
}
Event: 9.189 GC heap after
{Heap after GC invocations=12 (full 1):
 PSYoungGen      total 25600K, used 2547K [0x00000000d5580000, 0x00000000d7600000, 0x0000000100000000)
  eden space 23040K, 0% used [0x00000000d5580000,0x00000000d5580000,0x00000000d6c00000)
  from space 2560K, 99% used [0x00000000d6f00000,0x00000000d717cf30,0x00000000d7180000)
  to   space 4608K, 0% used [0x00000000d7180000,0x00000000d7180000,0x00000000d7600000)
 ParOldGen       total 68608K, used 16547K [0x0000000080000000, 0x0000000084300000, 0x00000000d5580000)
  object space 68608K, 24% used [0x0000000080000000,0x0000000081028fc0,0x0000000084300000)
 Metaspace       used 31207K, committed 32384K, reserved 1114112K
  class space    used 3098K, committed 3584K, reserved 1048576K
}
Event: 9.305 GC heap before
{Heap before GC invocations=13 (full 1):
 PSYoungGen      total 25600K, used 25587K [0x00000000d5580000, 0x00000000d7600000, 0x0000000100000000)
  eden space 23040K, 100% used [0x00000000d5580000,0x00000000d6c00000,0x00000000d6c00000)
  from space 2560K, 99% used [0x00000000d6f00000,0x00000000d717cf30,0x00000000d7180000)
  to   space 4608K, 0% used [0x00000000d7180000,0x00000000d7180000,0x00000000d7600000)
 ParOldGen       total 68608K, used 16550K [0x0000000080000000, 0x0000000084300000, 0x00000000d5580000)
  object space 68608K, 24% used [0x0000000080000000,0x00000000810298f0,0x0000000084300000)
 Metaspace       used 33932K, committed 35136K, reserved 1114112K
  class space    used 3443K, committed 3968K, reserved 1048576K
}
Event: 9.306 GC heap after
{Heap after GC invocations=13 (full 1):
 PSYoungGen      total 25088K, used 2304K [0x00000000d5580000, 0x00000000d7400000, 0x0000000100000000)
  eden space 22528K, 0% used [0x00000000d5580000,0x00000000d5580000,0x00000000d6b80000)
  from space 2560K, 90% used [0x00000000d7180000,0x00000000d73c0020,0x00000000d7400000)
  to   space 3072K, 0% used [0x00000000d6e00000,0x00000000d6e00000,0x00000000d7100000)
 ParOldGen       total 68608K, used 19011K [0x0000000080000000, 0x0000000084300000, 0x00000000d5580000)
  object space 68608K, 27% used [0x0000000080000000,0x0000000081290e90,0x0000000084300000)
 Metaspace       used 33932K, committed 35136K, reserved 1114112K
  class space    used 3443K, committed 3968K, reserved 1048576K
}

Dll operation events (10 events):
Event: 0.004 Loaded shared library c:\Users\aluno\.vscode\extensions\redhat.java-1.55.0-win32-x64\jre\21.0.11-win32-x86_64\bin\java.dll
Event: 0.034 Loaded shared library c:\Users\aluno\.vscode\extensions\redhat.java-1.55.0-win32-x64\jre\21.0.11-win32-x86_64\bin\zip.dll
Event: 0.042 Loaded shared library C:\Users\aluno\.vscode\extensions\redhat.java-1.55.0-win32-x64\jre\21.0.11-win32-x86_64\bin\instrument.dll
Event: 0.044 Loaded shared library C:\Users\aluno\.vscode\extensions\redhat.java-1.55.0-win32-x64\jre\21.0.11-win32-x86_64\bin\net.dll
Event: 0.045 Loaded shared library C:\Users\aluno\.vscode\extensions\redhat.java-1.55.0-win32-x64\jre\21.0.11-win32-x86_64\bin\nio.dll
Event: 0.047 Loaded shared library C:\Users\aluno\.vscode\extensions\redhat.java-1.55.0-win32-x64\jre\21.0.11-win32-x86_64\bin\zip.dll
Event: 0.054 Loaded shared library C:\Users\aluno\.vscode\extensions\redhat.java-1.55.0-win32-x64\jre\21.0.11-win32-x86_64\bin\jimage.dll
Event: 0.084 Loaded shared library c:\Users\aluno\.vscode\extensions\redhat.java-1.55.0-win32-x64\jre\21.0.11-win32-x86_64\bin\verify.dll
Event: 3.109 Loaded shared library C:\Users\aluno\AppData\Roaming\Code\User\globalStorage\redhat.java\1.55.0\config_win\org.eclipse.equinox.launcher\org.eclipse.equinox.launcher.win32.win32.x86_64_1.3.100.v20260613-0559\eclipse_11924.dll
Event: 8.425 Loaded shared library C:\Users\aluno\AppData\Local\Temp\jna-62377163\jna5374337822285979313.dll

Deoptimization events (20 events):
Event: 9.207 Thread 0x000001175c6aa9c0 DEOPT PACKING pc=0x0000011769afd330 sp=0x0000000655af9ae0
Event: 9.207 Thread 0x000001175c6aa9c0 DEOPT UNPACKING pc=0x0000011769203aa2 sp=0x0000000655af9ab8 mode 2
Event: 9.208 Thread 0x000001177f3b9420 Uncommon trap: trap_request=0xffffff45 fr.pc=0x0000011769a9ebec relative=0x0000000000000c4c
Event: 9.208 Thread 0x000001177f3b9420 Uncommon trap: reason=unstable_if action=reinterpret pc=0x0000011769a9ebec method=java.util.concurrent.locks.ReentrantLock$Sync.lock()V @ 4 c2
Event: 9.208 Thread 0x000001177f3b9420 DEOPT PACKING pc=0x0000011769a9ebec sp=0x00000006589faa00
Event: 9.208 Thread 0x000001177f3b9420 DEOPT UNPACKING pc=0x0000011769203aa2 sp=0x00000006589fa8a8 mode 2
Event: 9.209 Thread 0x000001177f3b9420 Uncommon trap: trap_request=0xffffff45 fr.pc=0x0000011769a8ba40 relative=0x00000000000004c0
Event: 9.209 Thread 0x000001177f3b9420 Uncommon trap: reason=unstable_if action=reinterpret pc=0x0000011769a8ba40 method=java.util.concurrent.locks.ReentrantLock$Sync.lock()V @ 4 c2
Event: 9.209 Thread 0x000001177f3b9420 DEOPT PACKING pc=0x0000011769a8ba40 sp=0x00000006589fa9a0
Event: 9.209 Thread 0x000001177f3b9420 DEOPT UNPACKING pc=0x0000011769203aa2 sp=0x00000006589fa8a8 mode 2
Event: 9.220 Thread 0x000001177db4b1f0 DEOPT PACKING pc=0x00000117622b3d1f sp=0x00000006581febe0
Event: 9.220 Thread 0x000001177db4b1f0 DEOPT UNPACKING pc=0x0000011769204242 sp=0x00000006581fe0b8 mode 0
Event: 9.240 Thread 0x000001177db4b1f0 Uncommon trap: trap_request=0xffffff45 fr.pc=0x0000011769b14704 relative=0x0000000000001c84
Event: 9.240 Thread 0x000001177db4b1f0 Uncommon trap: reason=unstable_if action=reinterpret pc=0x0000011769b14704 method=sun.nio.fs.WindowsPathParser.nextNonSlash(Ljava/lang/String;II)I @ 2 c2
Event: 9.240 Thread 0x000001177db4b1f0 DEOPT PACKING pc=0x0000011769b14704 sp=0x00000006581fcc80
Event: 9.240 Thread 0x000001177db4b1f0 DEOPT UNPACKING pc=0x0000011769203aa2 sp=0x00000006581fcc10 mode 2
Event: 9.270 Thread 0x000001177db4bf10 Uncommon trap: trap_request=0xffffff45 fr.pc=0x0000011769b50b24 relative=0x00000000000001e4
Event: 9.270 Thread 0x000001177db4bf10 Uncommon trap: reason=unstable_if action=reinterpret pc=0x0000011769b50b24 method=com.google.gson.stream.JsonReader.nextNonWhitespace(Z)I @ 32 c2
Event: 9.270 Thread 0x000001177db4bf10 DEOPT PACKING pc=0x0000011769b50b24 sp=0x00000006580ff1e0
Event: 9.270 Thread 0x000001177db4bf10 DEOPT UNPACKING pc=0x0000011769203aa2 sp=0x00000006580ff158 mode 2

Classes loaded (20 events):
Event: 9.256 Loading class sun/nio/fs/WindowsException
Event: 9.256 Loading class sun/nio/fs/WindowsException done
Event: 9.261 Loading class java/lang/reflect/Executable$ParameterData
Event: 9.261 Loading class java/lang/reflect/Executable$ParameterData done
Event: 9.262 Loading class sun/reflect/generics/scope/MethodScope
Event: 9.262 Loading class sun/reflect/generics/scope/MethodScope done
Event: 9.262 Loading class sun/reflect/generics/repository/MethodRepository
Event: 9.262 Loading class sun/reflect/generics/repository/ConstructorRepository
Event: 9.262 Loading class sun/reflect/generics/repository/ConstructorRepository done
Event: 9.262 Loading class sun/reflect/generics/repository/MethodRepository done
Event: 9.262 Loading class sun/reflect/generics/tree/MethodTypeSignature
Event: 9.263 Loading class sun/reflect/generics/tree/MethodTypeSignature done
Event: 9.273 Loading class sun/net/www/protocol/https/Handler
Event: 9.273 Loading class sun/net/www/protocol/http/Handler
Event: 9.273 Loading class sun/net/www/protocol/http/Handler done
Event: 9.273 Loading class sun/net/www/protocol/https/Handler done
Event: 9.276 Loading class java/lang/Deprecated
Event: 9.276 Loading class java/lang/Deprecated done
Event: 9.277 Loading class jdk/internal/vm/annotation/IntrinsicCandidate
Event: 9.277 Loading class jdk/internal/vm/annotation/IntrinsicCandidate done

Classes unloaded (7 events):
Event: 8.642 Thread 0x000001175eaf4100 Unloading class 0x00000117011a5400 'java/lang/invoke/LambdaForm$MH+0x00000117011a5400'
Event: 8.642 Thread 0x000001175eaf4100 Unloading class 0x00000117011a5000 'java/lang/invoke/LambdaForm$MH+0x00000117011a5000'
Event: 8.642 Thread 0x000001175eaf4100 Unloading class 0x00000117011a4c00 'java/lang/invoke/LambdaForm$MH+0x00000117011a4c00'
Event: 8.642 Thread 0x000001175eaf4100 Unloading class 0x00000117011a4800 'java/lang/invoke/LambdaForm$MH+0x00000117011a4800'
Event: 8.642 Thread 0x000001175eaf4100 Unloading class 0x00000117011a4400 'java/lang/invoke/LambdaForm$BMH+0x00000117011a4400'
Event: 8.642 Thread 0x000001175eaf4100 Unloading class 0x00000117011a4000 'java/lang/invoke/LambdaForm$DMH+0x00000117011a4000'
Event: 8.642 Thread 0x000001175eaf4100 Unloading class 0x00000117011a2c00 'java/lang/invoke/LambdaForm$DMH+0x00000117011a2c00'

Classes redefined (0 events):
No events

Internal exceptions (20 events):
Event: 9.256 Thread 0x000001177db4b1f0 Exception <a 'sun/nio/fs/WindowsException'{0x00000000d65a3930}> (0x00000000d65a3930) 
thrown [s\src\hotspot\share\prims\jni.cpp, line 520]
Event: 9.267 Thread 0x000001177db4b1f0 Exception <a 'sun/nio/fs/WindowsException'{0x00000000d67af798}> (0x00000000d67af798) 
thrown [s\src\hotspot\share\prims\jni.cpp, line 520]
Event: 9.268 Thread 0x000001177db4b1f0 Exception <a 'sun/nio/fs/WindowsException'{0x00000000d67b02a0}> (0x00000000d67b02a0) 
thrown [s\src\hotspot\share\prims\jni.cpp, line 520]
Event: 9.276 Thread 0x000001177db4b1f0 Exception <a 'sun/nio/fs/WindowsException'{0x00000000d68ee378}> (0x00000000d68ee378) 
thrown [s\src\hotspot\share\prims\jni.cpp, line 520]
Event: 9.276 Thread 0x000001177db4b1f0 Exception <a 'sun/nio/fs/WindowsException'{0x00000000d68eee80}> (0x00000000d68eee80) 
thrown [s\src\hotspot\share\prims\jni.cpp, line 520]
Event: 9.279 Thread 0x000001177db4b1f0 Exception <a 'sun/nio/fs/WindowsException'{0x00000000d69ae7c8}> (0x00000000d69ae7c8) 
thrown [s\src\hotspot\share\prims\jni.cpp, line 520]
Event: 9.279 Thread 0x000001177db4b1f0 Exception <a 'sun/nio/fs/WindowsException'{0x00000000d69af0c8}> (0x00000000d69af0c8) 
thrown [s\src\hotspot\share\prims\jni.cpp, line 520]
Event: 9.279 Thread 0x000001177db4b1f0 Exception <a 'sun/nio/fs/WindowsException'{0x00000000d69afd88}> (0x00000000d69afd88) 
thrown [s\src\hotspot\share\prims\jni.cpp, line 520]
Event: 9.280 Thread 0x000001177db4b1f0 Exception <a 'sun/nio/fs/WindowsException'{0x00000000d69b0688}> (0x00000000d69b0688) 
thrown [s\src\hotspot\share\prims\jni.cpp, line 520]
Event: 9.280 Thread 0x000001177db4b1f0 Exception <a 'sun/nio/fs/WindowsException'{0x00000000d69b13c8}> (0x00000000d69b13c8) 
thrown [s\src\hotspot\share\prims\jni.cpp, line 520]
Event: 9.280 Thread 0x000001177db4b1f0 Exception <a 'sun/nio/fs/WindowsException'{0x00000000d69b1cc8}> (0x00000000d69b1cc8) 
thrown [s\src\hotspot\share\prims\jni.cpp, line 520]
Event: 9.291 Thread 0x000001177db4b1f0 Exception <a 'sun/nio/fs/WindowsException'{0x00000000d6a553d0}> (0x00000000d6a553d0) 
thrown [s\src\hotspot\share\prims\jni.cpp, line 520]
Event: 9.291 Thread 0x000001177db4b1f0 Exception <a 'sun/nio/fs/WindowsException'{0x00000000d6a55cf0}> (0x00000000d6a55cf0) 
thrown [s\src\hotspot\share\prims\jni.cpp, line 520]
Event: 9.292 Thread 0x000001177db4b1f0 Exception <a 'sun/nio/fs/WindowsException'{0x00000000d6a569e8}> (0x00000000d6a569e8) 
thrown [s\src\hotspot\share\prims\jni.cpp, line 520]
Event: 9.292 Thread 0x000001177db4b1f0 Exception <a 'sun/nio/fs/WindowsException'{0x00000000d6a57308}> (0x00000000d6a57308) 
thrown [s\src\hotspot\share\prims\jni.cpp, line 520]
Event: 9.292 Thread 0x000001177db4b1f0 Exception <a 'sun/nio/fs/WindowsException'{0x00000000d6a58060}> (0x00000000d6a58060) 
thrown [s\src\hotspot\share\prims\jni.cpp, line 520]
Event: 9.292 Thread 0x000001177db4b1f0 Exception <a 'sun/nio/fs/WindowsException'{0x00000000d6a58980}> (0x00000000d6a58980) 
thrown [s\src\hotspot\share\prims\jni.cpp, line 520]
Event: 9.293 Thread 0x000001177db4b1f0 Exception <a 'sun/nio/fs/WindowsException'{0x00000000d6a79718}> (0x00000000d6a79718) 
thrown [s\src\hotspot\share\prims\jni.cpp, line 520]
Event: 9.293 Thread 0x000001177db4b1f0 Exception <a 'sun/nio/fs/WindowsException'{0x00000000d6a7a038}> (0x00000000d6a7a038) 
thrown [s\src\hotspot\share\prims\jni.cpp, line 520]
Event: 9.295 Thread 0x000001177db4b1f0 Exception <a 'java/lang/NoSuchMethodError'{0x00000000d6aa99b8}: 'void java.lang.invoke.DirectMethodHandle$Holder.invokeVirtual(java.lang.Object, java.lang.Object, java.lang.Object, java.lang.Object)'> (0x00000000d6aa99b8) 
thrown [s\src\hotspot\share\interpreter\linkResolver.cpp, line 773]

ZGC Phase Switch (0 events):
No events

VM Operations (20 events):
Event: 8.634 Executing non-safepoint VM operation: HandshakeAllThreads (Deoptimize)
Event: 8.634 Executing non-safepoint VM operation: HandshakeAllThreads (Deoptimize) done
Event: 8.637 Executing safepoint VM operation: CollectForMetadataAllocation (Metadata GC Threshold)
Event: 8.658 Executing safepoint VM operation: CollectForMetadataAllocation (Metadata GC Threshold) done
Event: 8.765 Executing safepoint VM operation: ParallelGCFailedAllocation (Allocation Failure)
Event: 8.766 Executing safepoint VM operation: ParallelGCFailedAllocation (Allocation Failure) done
Event: 8.863 Executing safepoint VM operation: ParallelGCFailedAllocation (Allocation Failure)
Event: 8.864 Executing safepoint VM operation: ParallelGCFailedAllocation (Allocation Failure) done
Event: 8.979 Executing safepoint VM operation: ParallelGCFailedAllocation (Allocation Failure)
Event: 8.980 Executing safepoint VM operation: ParallelGCFailedAllocation (Allocation Failure) done
Event: 9.035 Executing non-safepoint VM operation: HandshakeAllThreads (Deoptimize)
Event: 9.035 Executing non-safepoint VM operation: HandshakeAllThreads (Deoptimize) done
Event: 9.086 Executing non-safepoint VM operation: HandshakeAllThreads (Deoptimize)
Event: 9.086 Executing non-safepoint VM operation: HandshakeAllThreads (Deoptimize) done
Event: 9.187 Executing safepoint VM operation: ParallelGCFailedAllocation (Allocation Failure)
Event: 9.187 Executing safepoint VM operation: ParallelGCFailedAllocation (Allocation Failure) done
Event: 9.187 Executing safepoint VM operation: ParallelGCSystemGC (GCLocker Initiated GC)
Event: 9.189 Executing safepoint VM operation: ParallelGCSystemGC (GCLocker Initiated GC) done
Event: 9.305 Executing safepoint VM operation: ParallelGCFailedAllocation (Allocation Failure)
Event: 9.306 Executing safepoint VM operation: ParallelGCFailedAllocation (Allocation Failure) done

Memory protections (0 events):
No events

Nmethod flushes (0 events):
No events

Events (20 events):
Event: 9.231 Thread 0x000001175c6aa9c0 Thread added: 0x000001174106a740
Event: 9.231 Thread 0x000001175c6aa9c0 Thread added: 0x00000117410672c0
Event: 9.231 Thread 0x000001175c6aa9c0 Thread added: 0x000001174106b460
Event: 9.232 Thread 0x000001175c6aa9c0 Thread added: 0x0000011741065f10
Event: 9.232 Thread 0x000001175c6aa9c0 Thread added: 0x0000011741068d00
Event: 9.232 Thread 0x000001175c6aa9c0 Thread added: 0x0000011741067fe0
Event: 9.232 Thread 0x000001175c6aa9c0 Thread added: 0x0000011741065880
Event: 9.232 Thread 0x000001175c6aa9c0 Thread added: 0x0000011741066c30
Event: 9.232 Thread 0x000001175c6aa9c0 Thread added: 0x00000117410644d0
Event: 9.232 Thread 0x000001175c6aa9c0 Thread added: 0x0000011741067950
Event: 9.232 Thread 0x000001175c6aa9c0 Thread added: 0x00000117410665a0
Event: 9.232 Thread 0x000001175c6aa9c0 Thread added: 0x0000011741069a20
Event: 9.233 Thread 0x000001175c6aa9c0 Thread added: 0x0000011741068670
Event: 9.233 Thread 0x000001175c6aa9c0 Thread added: 0x0000011741069390
Event: 9.233 Thread 0x000001175c6aa9c0 Thread added: 0x000001174106baf0
Event: 9.252 Thread 0x000001175c6aa9c0 Thread added: 0x000001174106a0b0
Event: 9.267 Thread 0x000001177dbeb3d0 Thread added: 0x000001177dbea630
Event: 9.267 Thread 0x000001177dbeb3d0 Thread added: 0x000001177dbebaa0
Event: 9.267 Thread 0x000001177dbeb3d0 Thread added: 0x000001177dbe9f60
Event: 9.270 Thread 0x000001177dbea630 Thread added: 0x000001177dbec170


Dynamic libraries:
0x00007ff7781d0000 - 0x00007ff7781de000 	c:\Users\aluno\.vscode\extensions\redhat.java-1.55.0-win32-x64\jre\21.0.11-win32-x86_64\bin\java.exe
0x00007ff8ec8b0000 - 0x00007ff8ecaa8000 	C:\Windows\SYSTEM32\ntdll.dll
0x00007ff8ec6f0000 - 0x00007ff8ec7b2000 	C:\Windows\System32\KERNEL32.DLL
0x00007ff8ea4a0000 - 0x00007ff8ea796000 	C:\Windows\System32\KERNELBASE.dll
0x00007ff8ea3a0000 - 0x00007ff8ea4a0000 	C:\Windows\System32\ucrtbase.dll
0x00007ff8b5860000 - 0x00007ff8b587e000 	c:\Users\aluno\.vscode\extensions\redhat.java-1.55.0-win32-x64\jre\21.0.11-win32-x86_64\bin\VCRUNTIME140.dll
0x00007ff8b4b40000 - 0x00007ff8b4b58000 	c:\Users\aluno\.vscode\extensions\redhat.java-1.55.0-win32-x64\jre\21.0.11-win32-x86_64\bin\jli.dll
0x00007ff8eac20000 - 0x00007ff8eadc1000 	C:\Windows\System32\USER32.dll
0x00007ff8ea370000 - 0x00007ff8ea392000 	C:\Windows\System32\win32u.dll
0x00007ff8ea930000 - 0x00007ff8ea95b000 	C:\Windows\System32\GDI32.dll
0x00007ff8d0aa0000 - 0x00007ff8d0d3b000 	C:\Windows\WinSxS\amd64_microsoft.windows.common-controls_6595b64144ccf1df_6.0.19041.6456_none_60b8a6cb71f64256\COMCTL32.dll
0x00007ff8ea050000 - 0x00007ff8ea169000 	C:\Windows\System32\gdi32full.dll
0x00007ff8ea2d0000 - 0x00007ff8ea36d000 	C:\Windows\System32\msvcp_win.dll
0x00007ff8ec3f0000 - 0x00007ff8ec48e000 	C:\Windows\System32\msvcrt.dll
0x00007ff8ec2e0000 - 0x00007ff8ec30f000 	C:\Windows\System32\IMM32.DLL
0x00007ff8d3630000 - 0x00007ff8d363c000 	c:\Users\aluno\.vscode\extensions\redhat.java-1.55.0-win32-x64\jre\21.0.11-win32-x86_64\bin\vcruntime140_1.dll
0x00007ff89af50000 - 0x00007ff89afdd000 	c:\Users\aluno\.vscode\extensions\redhat.java-1.55.0-win32-x64\jre\21.0.11-win32-x86_64\bin\msvcp140.dll
0x00007ff837230000 - 0x00007ff837fd2000 	c:\Users\aluno\.vscode\extensions\redhat.java-1.55.0-win32-x64\jre\21.0.11-win32-x86_64\bin\server\jvm.dll
0x00007ff8eaae0000 - 0x00007ff8eab91000 	C:\Windows\System32\ADVAPI32.dll
0x00007ff8ec650000 - 0x00007ff8ec6ef000 	C:\Windows\System32\sechost.dll
0x00007ff8eaf40000 - 0x00007ff8eb060000 	C:\Windows\System32\RPCRT4.dll
0x00007ff8e9f40000 - 0x00007ff8e9f67000 	C:\Windows\System32\bcrypt.dll
0x00007ff8ec210000 - 0x00007ff8ec27b000 	C:\Windows\System32\WS2_32.dll
0x00007ff8e94d0000 - 0x00007ff8e951b000 	C:\Windows\SYSTEM32\POWRPROF.dll
0x00007ff8dee50000 - 0x00007ff8dee77000 	C:\Windows\SYSTEM32\WINMM.dll
0x00007ff8e5b60000 - 0x00007ff8e5b6a000 	C:\Windows\SYSTEM32\VERSION.dll
0x00007ff8e9340000 - 0x00007ff8e9352000 	C:\Windows\SYSTEM32\UMPDC.dll
0x00007ff8e8570000 - 0x00007ff8e8582000 	C:\Windows\SYSTEM32\kernel.appcore.dll
0x00007ff8d2e00000 - 0x00007ff8d2e0a000 	c:\Users\aluno\.vscode\extensions\redhat.java-1.55.0-win32-x64\jre\21.0.11-win32-x86_64\bin\jimage.dll
0x00007ff8e7a60000 - 0x00007ff8e7c61000 	C:\Windows\SYSTEM32\DBGHELP.DLL
0x00007ff8cdd90000 - 0x00007ff8cddc4000 	C:\Windows\SYSTEM32\dbgcore.DLL
0x00007ff8e9fc0000 - 0x00007ff8ea042000 	C:\Windows\System32\bcryptPrimitives.dll
0x00007ff8d21c0000 - 0x00007ff8d21cf000 	c:\Users\aluno\.vscode\extensions\redhat.java-1.55.0-win32-x64\jre\21.0.11-win32-x86_64\bin\instrument.dll
0x00007ff8b0d00000 - 0x00007ff8b0d20000 	c:\Users\aluno\.vscode\extensions\redhat.java-1.55.0-win32-x64\jre\21.0.11-win32-x86_64\bin\java.dll
0x00007ff8eb3c0000 - 0x00007ff8ebb30000 	C:\Windows\System32\SHELL32.dll
0x00007ff8e7c70000 - 0x00007ff8e8415000 	C:\Windows\SYSTEM32\windows.storage.dll
0x00007ff8eb060000 - 0x00007ff8eb3b4000 	C:\Windows\System32\combase.dll
0x00007ff8e9970000 - 0x00007ff8e999b000 	C:\Windows\SYSTEM32\Wldp.dll
0x00007ff8eaa10000 - 0x00007ff8eaadd000 	C:\Windows\System32\OLEAUT32.dll
0x00007ff8ec7c0000 - 0x00007ff8ec86d000 	C:\Windows\System32\SHCORE.dll
0x00007ff8ec390000 - 0x00007ff8ec3eb000 	C:\Windows\System32\shlwapi.dll
0x00007ff8e9e70000 - 0x00007ff8e9e94000 	C:\Windows\SYSTEM32\profapi.dll
0x00007ff8b0ce0000 - 0x00007ff8b0cf8000 	c:\Users\aluno\.vscode\extensions\redhat.java-1.55.0-win32-x64\jre\21.0.11-win32-x86_64\bin\zip.dll
0x00007ff8ba050000 - 0x00007ff8ba060000 	C:\Users\aluno\.vscode\extensions\redhat.java-1.55.0-win32-x64\jre\21.0.11-win32-x86_64\bin\net.dll
0x00007ff8e6170000 - 0x00007ff8e627a000 	C:\Windows\SYSTEM32\WINHTTP.dll
0x00007ff8e96d0000 - 0x00007ff8e973a000 	C:\Windows\system32\mswsock.dll
0x00007ff8a7b80000 - 0x00007ff8a7b96000 	C:\Users\aluno\.vscode\extensions\redhat.java-1.55.0-win32-x64\jre\21.0.11-win32-x86_64\bin\nio.dll
0x00007ff8b9e20000 - 0x00007ff8b9e30000 	c:\Users\aluno\.vscode\extensions\redhat.java-1.55.0-win32-x64\jre\21.0.11-win32-x86_64\bin\verify.dll
0x00007ff8a4990000 - 0x00007ff8a49d5000 	C:\Users\aluno\AppData\Roaming\Code\User\globalStorage\redhat.java\1.55.0\config_win\org.eclipse.equinox.launcher\org.eclipse.equinox.launcher.win32.win32.x86_64_1.3.100.v20260613-0559\eclipse_11924.dll
0x00007ff8ebfc0000 - 0x00007ff8ec0eb000 	C:\Windows\System32\ole32.dll
0x00007ff8e98c0000 - 0x00007ff8e98d8000 	C:\Windows\SYSTEM32\CRYPTSP.dll
0x00007ff8e8f80000 - 0x00007ff8e8fb8000 	C:\Windows\system32\rsaenh.dll
0x00007ff8e9df0000 - 0x00007ff8e9e1e000 	C:\Windows\SYSTEM32\USERENV.dll
0x00007ff8e98e0000 - 0x00007ff8e98ec000 	C:\Windows\SYSTEM32\CRYPTBASE.dll
0x00007ff8e9360000 - 0x00007ff8e939b000 	C:\Windows\SYSTEM32\IPHLPAPI.DLL
0x00007ff8ebfa0000 - 0x00007ff8ebfa8000 	C:\Windows\System32\NSI.dll
0x00007ff898c50000 - 0x00007ff898c99000 	C:\Users\aluno\AppData\Local\Temp\jna-62377163\jna5374337822285979313.dll
0x00007ff8ec490000 - 0x00007ff8ec498000 	C:\Windows\System32\PSAPI.DLL
0x00007ff8e5f80000 - 0x00007ff8e5f97000 	C:\Windows\SYSTEM32\dhcpcsvc6.DLL
0x00007ff8e5ed0000 - 0x00007ff8e5eed000 	C:\Windows\SYSTEM32\dhcpcsvc.DLL

JVMTI agents:
c:\Users\aluno\.vscode\extensions\redhat.java-1.55.0-win32-x64\lombok\lombok-1.18.39-4050.jar path:c:\Users\aluno\.vscode\extensions\redhat.java-1.55.0-win32-x64\jre\21.0.11-win32-x86_64\bin\instrument.dll, loaded, initialized, instrumentlib options:none

dbghelp: loaded successfully - version: 4.0.5 - missing functions: none
symbol engine: initialized successfully - sym options: 0x614 - pdb path: .;c:\Users\aluno\.vscode\extensions\redhat.java-1.55.0-win32-x64\jre\21.0.11-win32-x86_64\bin;C:\Windows\SYSTEM32;C:\Windows\WinSxS\amd64_microsoft.windows.common-controls_6595b64144ccf1df_6.0.19041.6456_none_60b8a6cb71f64256;c:\Users\aluno\.vscode\extensions\redhat.java-1.55.0-win32-x64\jre\21.0.11-win32-x86_64\bin\server;C:\Users\aluno\AppData\Roaming\Code\User\globalStorage\redhat.java\1.55.0\config_win\org.eclipse.equinox.launcher\org.eclipse.equinox.launcher.win32.win32.x86_64_1.3.100.v20260613-0559;C:\Users\aluno\AppData\Local\Temp\jna-62377163

VM Arguments:
jvm_args: --add-modules=ALL-SYSTEM --add-opens=java.base/java.util=ALL-UNNAMED --add-opens=java.base/java.lang=ALL-UNNAMED --add-opens=java.base/sun.nio.fs=ALL-UNNAMED -Declipse.application=org.eclipse.jdt.ls.core.id1 -Dosgi.bundles.defaultStartLevel=4 -Declipse.product=org.eclipse.jdt.ls.core.product -Djava.import.generatesMetadataFilesAtProjectRoot=false -DDetectVMInstallationsJob.disabled=true -Dfile.encoding=utf8 -XX:+UseParallelGC -XX:GCTimeRatio=4 -XX:AdaptiveSizePolicyWeight=90 -Dsun.zip.disableMemoryMapping=true -Xmx2G -Xms100m -Xlog:disable -javaagent:c:\Users\aluno\.vscode\extensions\redhat.java-1.55.0-win32-x64\lombok\lombok-1.18.39-4050.jar -XX:+HeapDumpOnOutOfMemoryError -XX:HeapDumpPath=c:\Users\aluno\AppData\Roaming\Code\User\workspaceStorage\fc24d2cbf6b37a535bb6fbcc3e2eee63\redhat.java -Daether.dependencyCollector.impl=bf 
java_command: c:\Users\aluno\.vscode\extensions\redhat.java-1.55.0-win32-x64\server\plugins\org.eclipse.equinox.launcher_1.7.200.v20260619-2039.jar -configuration c:\Users\aluno\AppData\Roaming\Code\User\globalStorage\redhat.java\1.55.0\config_win -data c:\Users\aluno\AppData\Roaming\Code\User\workspaceStorage\fc24d2cbf6b37a535bb6fbcc3e2eee63\redhat.java\jdt_ws --pipe=\\.\pipe\lsp-16bf8b345de891e948383424bc1f745b-sock
java_class_path (initial): c:\Users\aluno\.vscode\extensions\redhat.java-1.55.0-win32-x64\server\plugins\org.eclipse.equinox.launcher_1.7.200.v20260619-2039.jar
Launcher Type: SUN_STANDARD

[Global flags]
    uintx AdaptiveSizePolicyWeight                 = 90                                        {product} {command line}
     intx CICompilerCount                          = 12                                        {product} {ergonomic}
    uintx GCTimeRatio                              = 4                                         {product} {command line}
     bool HeapDumpOnOutOfMemoryError               = true                                   {manageable} {command line}
    ccstr HeapDumpPath                             = c:\Users\aluno\AppData\Roaming\Code\User\workspaceStorage\fc24d2cbf6b37a535bb6fbcc3e2eee63\redhat.java         {manageable} {command line}
   size_t InitialHeapSize                          = 104857600                                 {product} {command line}
   size_t MaxHeapSize                              = 2147483648                                {product} {command line}
   size_t MaxNewSize                               = 715653120                                 {product} {ergonomic}
   size_t MinHeapDeltaBytes                        = 524288                                    {product} {ergonomic}
   size_t MinHeapSize                              = 104857600                                 {product} {command line}
   size_t NewSize                                  = 34603008                                  {product} {ergonomic}
    uintx NonNMethodCodeHeapSize                   = 7602480                                {pd product} {ergonomic}
    uintx NonProfiledCodeHeapSize                  = 122027880                              {pd product} {ergonomic}
   size_t OldSize                                  = 70254592                                  {product} {ergonomic}
    uintx ProfiledCodeHeapSize                     = 122027880                              {pd product} {ergonomic}
    uintx ReservedCodeCacheSize                    = 251658240                              {pd product} {ergonomic}
     bool SegmentedCodeCache                       = true                                      {product} {ergonomic}
   size_t SoftMaxHeapSize                          = 2147483648                             {manageable} {ergonomic}
     bool UseCompressedOops                        = true                           {product lp64_product} {ergonomic}
     bool UseLargePagesIndividualAllocation        = false                                  {pd product} {ergonomic}
     bool UseParallelGC                            = true                                      {product} {command line}

Logging:
Log output configuration:
 #0: stdout all=off uptime,level,tags foldmultilines=false
 #1: stderr all=off uptime,level,tags foldmultilines=false

Release file:
JAVA_VERSION="21.0.11" 
MODULES="java.base java.compiler java.datatransfer java.xml java.prefs java.desktop java.instrument java.logging java.management java.security.sasl java.naming java.rmi java.management.rmi java.net.http java.scripting java.security.jgss java.transaction.xa java.sql java.sql.rowset java.xml.crypto java.se java.smartcardio jdk.accessibility jdk.internal.jvmstat jdk.attach jdk.charsets jdk.internal.opt jdk.zipfs jdk.compiler jdk.crypto.ec jdk.crypto.cryptoki jdk.crypto.mscapi jdk.dynalink jdk.internal.ed jdk.editpad jdk.hotspot.agent jdk.httpserver jdk.internal.le jdk.internal.vm.ci jdk.internal.vm.compiler jdk.internal.vm.compiler.management jdk.jartool jdk.javadoc jdk.jcmd jdk.management jdk.management.agent jdk.jconsole jdk.jdeps jdk.jdwp.agent jdk.jdi jdk.jfr jdk.jshell jdk.jsobject jdk.jstatd jdk.localedata jdk.management.jfr jdk.naming.dns jdk.naming.rmi jdk.net jdk.nio.mapmode jdk.random jdk.sctp jdk.security.auth jdk.security.jgss jdk.unsupported jdk.unsupported.desktop jdk.xml.dom" 

Environment Variables:
JAVA_HOME=C:\Users\aluno\Downloads\jdk-21.0.11
PATH=C:\Program Files\Python313\Scripts\;C:\Program Files\Python313\;C:\Program Files\Common Files\Siemens\Automation\Simatic OAM\bin;C:\Program Files (x86)\Common Files\Oracle\Java\javapath;C:\Windows\system32;C:\Windows;C:\Windows\System32\Wbem;C:\Windows\System32\WindowsPowerShell\v1.0\;C:\Windows\System32\OpenSSH\;C:\Program Files\dotnet\;C:\Program Files (x86)\Schneider Electric\Schneider Electric Software Installer\;C:\Program Files (x86)\Common Files\Schneider Electric Shared\DTM_AdvantysOTB\Bin;C:\Program Files\Git\cmd;C:\Program Files\nodejs\;C:\ProgramData\chocolatey\bin;C:\Program Files\Microsoft VS Code\bin;C:\Users\aluno\AppData\Local\Microsoft\WindowsApps;C:\Users\aluno\Downloads\apache-maven-3.9.15\bin;C:\Users\aluno\AppData\Local\Programs\Git LFS;C:\Users\aluno\Downloads\jdk-21.0.11\bin;
USERNAME=ALUNO
OS=Windows_NT
PROCESSOR_IDENTIFIER=Intel64 Family 6 Model 191 Stepping 2, GenuineIntel
TMP=C:\Users\aluno\AppData\Local\Temp
TEMP=C:\Users\aluno\AppData\Local\Temp




Periodic native trim disabled

---------------  S Y S T E M  ---------------

OS:
 Windows 10 , 64 bit Build 19041 (10.0.19041.5915)
OS uptime: 0 days 2:05 hours

CPU: total 20 (initial active 20) (10 cores per cpu, 2 threads per core) family 6 model 191 stepping 2 microcode 0x3a, cx8, cmov, fxsr, ht, mmx, 3dnowpref, sse, sse2, sse3, ssse3, sse4.1, sse4.2, popcnt, lzcnt, tsc, tscinvbit, avx, avx2, aes, erms, clmul, bmi1, bmi2, adx, sha, fma, vzeroupper, clflush, clflushopt, clwb, serialize, rdtscp, rdpid, fsrm, f16c, pku, cet_ibt, cet_ss
Processor Information for the first 20 processors :
  Max Mhz: 2500, Current Mhz: 2500, Mhz Limit: 2500

Memory: 4k page, system-wide physical 16072M (3746M free)
TotalPageFile size 18556M (AvailPageFile size 5M)
current process WorkingSet (physical memory assigned to process): 205M, peak: 205M
current process commit charge ("private bytes"): 352M, peak: 353M

vm_info: OpenJDK 64-Bit Server VM (21.0.11+10-LTS) for windows-amd64 JRE (21.0.11+10-LTS), built on 2026-04-21T00:00:00Z by "admin" with MS VC++ 17.12 (VS2022)

END.
